<?xml version="1.0" encoding="UTF-8"?>
<!-- Generated by org.testng.reporters.JUnitXMLReporter -->
<testsuite hostname="DESKTOP-STRP6VM" ignored="0" tests="8" failures="0" timestamp="13 сен 2017 11:23:38 GMT" time="115.412" errors="0">
  <testcase name="checkEditingFolder" time="5.537" classname="TestsVloopHomePage"/>
  <testcase name="checkFileEditing" time="18.129" classname="TestsVloopHomePage"/>
  <testcase name="checkFileUploading" time="14.676" classname="TestsVloopHomePage"/>
  <testcase name="checkNewFolderIsAdded" time="2.527" classname="TestsVloopHomePage"/>
  <testcase name="checkVdEditing" time="9.274" classname="TestsVloopHomePage"/>
  <testcase name="checkVdUploadingFromDrBox" time="11.266" classname="TestsVloopHomePage"/>
  <testcase name="checkVdUploadingPC" time="12.215" classname="TestsVloopHomePage"/>
  <testcase name="checkVdUploadingYouTube" time="4.12" classname="TestsVloopHomePage"/>
</testsuite>
