<?xml version="1.0" encoding="UTF-8"?>
<!-- Generated by org.testng.reporters.JUnitXMLReporter -->
<testsuite hostname="DESKTOP-STRP6VM" ignored="6" tests="21" failures="0" timestamp="28 сен 2017 15:03:58 GMT" time="839.22" errors="0">
  <testcase name="checkEditingFolder" time="8.151" classname="TestsVloopHomePage"/>
  <testcase name="checkFileEditing" time="31.216" classname="TestsVloopHomePage"/>
  <testcase name="checkFileUploading" time="27.577" classname="TestsVloopHomePage"/>
  <testcase name="checkNewFolderIsAdded" time="4.599" classname="TestsVloopHomePage"/>
  <testcase name="checkVdEditing" time="11.78" classname="TestsVloopHomePage"/>
  <testcase name="checkVdUploadingFromDrBox" time="12.232" classname="TestsVloopHomePage"/>
  <testcase name="checkVdUploadingPC" time="89.769" classname="TestsVloopHomePage"/>
  <testcase name="checkVdUploadingYouTube" time="9.187" classname="TestsVloopHomePage"/>
  <testcase name="checkAddingCommentByTag" time="14.835" classname="TestVloopGamePage"/>
  <testcase name="checkCommentAdding" time="4.762" classname="TestVloopGamePage"/>
  <testcase name="checkCommentEditing" time="7.66" classname="TestVloopGamePage"/>
  <testcase name="checkLoadImageCanvas" time="18.475" classname="TestVloopGamePage"/>
  <testcase name="checkScreenShot" time="134.12" classname="TestVloopGamePage"/>
  <testcase name="checkSkipBack" time="0.468" classname="TestVloopGamePage"/>
  <testcase name="checkSkipForward" time="0.202" classname="TestVloopGamePage"/>
  <testcase name="checkTagAdding" time="12.36" classname="TestVloopGamePage"/>
  <testcase name="checkThatVideoIsPlayed" time="2.353" classname="TestVloopGamePage"/>
  <testcase name="checkContactUsLinkIsClickable" time="0.539" classname="TestsVloop"/>
  <testcase name="checkLogIn" time="2.715" classname="TestsVloop"/>
  <testcase name="checkLogInBtnEnabled" time="0.429" classname="TestsVloop"/>
  <testcase name="checkWrongEmail" time="1.667" classname="TestsVloop"/>
  <testcase name="@BeforeTest createAndStartService" time="0.0" classname="Settings.Setting">
    <ignored/>
  </testcase> <!-- @BeforeTest createAndStartService -->
  <testcase name="@BeforeTest createAndStartService" time="0.0" classname="Settings.Setting">
    <ignored/>
  </testcase> <!-- @BeforeTest createAndStartService -->
  <testcase name="@AfterTest stopService" time="0.0" classname="Settings.Setting">
    <ignored/>
  </testcase> <!-- @AfterTest stopService -->
  <testcase name="@AfterTest stopService" time="0.0" classname="Settings.Setting">
    <ignored/>
  </testcase> <!-- @AfterTest stopService -->
  <testcase name="@BeforeSuite deleteScreenDirection" time="0.0" classname="Settings.Setting">
    <ignored/>
  </testcase> <!-- @BeforeSuite deleteScreenDirection -->
  <testcase name="@BeforeSuite deleteScreenDirection" time="0.0" classname="Settings.Setting">
    <ignored/>
  </testcase> <!-- @BeforeSuite deleteScreenDirection -->
</testsuite>
