<?xml version="1.0" encoding="UTF-8"?>
<!-- Generated by org.testng.reporters.JUnitXMLReporter -->
<testsuite hostname="DESKTOP-STRP6VM" ignored="0" tests="3" failures="1" timestamp="25 авг 2017 11:10:38 GMT" time="30.287" errors="0">
  <testcase name="checkLogInBtnEnabled" time="0.376" classname="TestsVloop">
    <failure type="java.lang.AssertionError" message="true expected [true] but found [false]">
      <![CDATA[java.lang.AssertionError: true expected [true] but found [false]
	at TestsVloop.checkLogInBtnEnabled(TestsVloop.java:26)
... Removed 31 stack frames]]>
    </failure>
  </testcase> <!-- checkLogInBtnEnabled -->
  <testcase name="checkLogInVloop" time="1.993" classname="TestsVloop"/>
  <testcase name="checkWrongEmail" time="1.051" classname="TestsVloop"/>
</testsuite>
