<?xml version="1.0" encoding="UTF-8"?>
<!-- Generated by org.testng.reporters.JUnitXMLReporter -->
<testsuite hostname="DESKTOP-STRP6VM" ignored="6" tests="21" failures="0" timestamp="03 окт 2017 18:34:06 GMT" time="878.181" errors="0">
  <testcase name="checkEditingFolder" time="8.692" classname="TestsVloopHomePage"/>
  <testcase name="checkFileEditing" time="32.105" classname="TestsVloopHomePage"/>
  <testcase name="checkFileUploading" time="27.878" classname="TestsVloopHomePage"/>
  <testcase name="checkNewFolderIsAdded" time="4.978" classname="TestsVloopHomePage"/>
  <testcase name="checkVdEditing" time="11.371" classname="TestsVloopHomePage"/>
  <testcase name="checkVdUploadingFromDrBox" time="14.71" classname="TestsVloopHomePage"/>
  <testcase name="checkVdUploadingPC" time="90.632" classname="TestsVloopHomePage"/>
  <testcase name="checkVdUploadingYouTube" time="10.252" classname="TestsVloopHomePage"/>
  <testcase name="checkAddingCommentByTag" time="16.255" classname="TestVloopGamePage"/>
  <testcase name="checkCommentAdding" time="5.137" classname="TestVloopGamePage"/>
  <testcase name="checkCommentEditing" time="7.977" classname="TestVloopGamePage"/>
  <testcase name="checkLoadImageCanvas" time="20.937" classname="TestVloopGamePage"/>
  <testcase name="checkScreenShot" time="144.245" classname="TestVloopGamePage"/>
  <testcase name="checkSkipBack" time="0.393" classname="TestVloopGamePage"/>
  <testcase name="checkSkipForward" time="0.468" classname="TestVloopGamePage"/>
  <testcase name="checkTagAdding" time="13.487" classname="TestVloopGamePage"/>
  <testcase name="checkThatVideoIsPlayed" time="2.628" classname="TestVloopGamePage"/>
  <testcase name="checkContactUsLinkIsClickable" time="0.812" classname="TestsVloop"/>
  <testcase name="checkLogIn" time="2.645" classname="TestsVloop"/>
  <testcase name="checkLogInBtnEnabled" time="0.417" classname="TestsVloop"/>
  <testcase name="checkWrongEmail" time="2.318" classname="TestsVloop"/>
  <testcase name="@BeforeTest createAndStartService" time="0.0" classname="Settings.Setting">
    <ignored/>
  </testcase> <!-- @BeforeTest createAndStartService -->
  <testcase name="@BeforeTest createAndStartService" time="0.0" classname="Settings.Setting">
    <ignored/>
  </testcase> <!-- @BeforeTest createAndStartService -->
  <testcase name="@AfterTest stopService" time="0.0" classname="Settings.Setting">
    <ignored/>
  </testcase> <!-- @AfterTest stopService -->
  <testcase name="@AfterTest stopService" time="0.0" classname="Settings.Setting">
    <ignored/>
  </testcase> <!-- @AfterTest stopService -->
  <testcase name="@BeforeSuite deleteScreenDirection" time="0.0" classname="Settings.Setting">
    <ignored/>
  </testcase> <!-- @BeforeSuite deleteScreenDirection -->
  <testcase name="@BeforeSuite deleteScreenDirection" time="0.0" classname="Settings.Setting">
    <ignored/>
  </testcase> <!-- @BeforeSuite deleteScreenDirection -->
</testsuite>
