<?xml version="1.0" encoding="UTF-8"?>
<!-- Generated by org.testng.reporters.JUnitXMLReporter -->
<testsuite hostname="DESKTOP-STRP6VM" ignored="0" tests="3" failures="1" timestamp="24 авг 2017 10:30:21 GMT" time="29.917" errors="0">
  <testcase name="checkLogInBtnEnabled" time="0.407" classname="TestsVloop">
    <failure type="java.lang.AssertionError" message="true expected [true] but found [false]">
      <![CDATA[java.lang.AssertionError: true expected [true] but found [false]
	at TestsVloop.checkLogInBtnEnabled(TestsVloop.java:26)
... Removed 31 stack frames]]>
    </failure>
  </testcase> <!-- checkLogInBtnEnabled -->
  <testcase name="checkLogInVloop" time="2.112" classname="TestsVloop"/>
  <testcase name="checkWrongEmail" time="1.098" classname="TestsVloop"/>
</testsuite>
