<?xml version="1.0" encoding="UTF-8"?>
<!-- Generated by org.testng.reporters.JUnitXMLReporter -->
<testsuite hostname="DESKTOP-STRP6VM" ignored="0" tests="9" failures="0" timestamp="04 сен 2017 11:08:56 GMT" time="107.282" errors="0">
  <testcase name="checkDeletingFolder" time="4.694" classname="TestsVloopHomePage"/>
  <testcase name="checkEditingFolder" time="5.658" classname="TestsVloopHomePage"/>
  <testcase name="checkFileUploading" time="4.51" classname="TestsVloopHomePage"/>
  <testcase name="checkNewFolderIsAdded" time="2.621" classname="TestsVloopHomePage"/>
  <testcase name="checkContactUsLinkIsClickable" time="0.37" classname="TestsVloop"/>
  <testcase name="checkLogInBtnEnabled" time="0.32" classname="TestsVloop"/>
  <testcase name="checkLogInVloop" time="2.133" classname="TestsVloop"/>
  <testcase name="checkSignUpLinkIsClickable" time="0.321" classname="TestsVloop"/>
  <testcase name="checkWrongEmail" time="1.272" classname="TestsVloop"/>
</testsuite>
