<?xml version="1.0" encoding="UTF-8"?>
<!-- Generated by org.testng.reporters.JUnitXMLReporter -->
<testsuite hostname="DESKTOP-STRP6VM" ignored="0" tests="3" failures="2" timestamp="24 авг 2017 10:54:18 GMT" time="34.671" errors="0">
  <testcase name="checkLogInBtnEnabled" time="0.423" classname="TestsVloop">
    <failure type="java.lang.AssertionError" message="true expected [true] but found [false]">
      <![CDATA[java.lang.AssertionError: true expected [true] but found [false]
	at TestsVloop.checkLogInBtnEnabled(TestsVloop.java:26)
... Removed 31 stack frames]]>
    </failure>
  </testcase> <!-- checkLogInBtnEnabled -->
  <testcase name="checkLogInVloop" time="2.286" classname="TestsVloop">
    <failure type="java.lang.AssertionError" message="expected [http://alpha.vloop.io/hme/] but found [http://alpha.vloop.io/home/]">
      <![CDATA[java.lang.AssertionError: expected [http://alpha.vloop.io/hme/] but found [http://alpha.vloop.io/home/]
	at TestsVloop.checkLogInVloop(TestsVloop.java:19)
... Removed 34 stack frames]]>
    </failure>
  </testcase> <!-- checkLogInVloop -->
  <testcase name="checkWrongEmail" time="1.28" classname="TestsVloop"/>
</testsuite>
