<?xml version="1.0" encoding="UTF-8"?>
<testng-results skipped="0" failed="0" total="1" passed="1">
  <reporter-output>
  </reporter-output>
  <suite name="Suite1" duration-ms="11180" started-at="2017-08-01T12:18:54Z" finished-at="2017-08-01T12:19:05Z">
    <groups>
    </groups>
    <test name="Vloop-package" duration-ms="11180" started-at="2017-08-01T12:18:54Z" finished-at="2017-08-01T12:19:05Z">
      <class name="TestsVloop">
        <test-method status="PASS" signature="checkLogInVloop()[pri:0, instance:TestsVloop@735f7ae5]" name="checkLogInVloop" duration-ms="11170" started-at="2017-08-01T14:18:54Z" finished-at="2017-08-01T14:19:05Z">
          <reporter-output>
          </reporter-output>
        </test-method> <!-- checkLogInVloop -->
      </class> <!-- TestsVloop -->
    </test> <!-- Vloop-package -->
  </suite> <!-- Suite1 -->
</testng-results>
