<?xml version="1.0" encoding="UTF-8"?>
<testsuite xmlns:xsi="http://www.w3.org/2001/XMLSchema-instance" xsi:noNamespaceSchemaLocation="https://maven.apache.org/surefire/maven-surefire-plugin/xsd/surefire-test-report.xsd" name="TestSuite" time="33.695" tests="3" errors="0" skipped="0" failures="1">
  <properties>
[...]
</properties>
  <testcase name="checkLogInBtnEnabled" classname="TestsVloop" time="0.385">
    <failure message="true expected [true] but found [false]" type="java.lang.AssertionError">java.lang.AssertionError: true expected [true] but found [false]
	at TestsVloop.checkLogInBtnEnabled(TestsVloop.java:26)
</failure>
    <system-out><![CDATA[2017-08-25 13:10:09,707 INFO  - Navigate to http://alpha.vloop.io/sign_in
2017-08-25 13:10:16,625 INFO  - Element By.cssSelector: #user_email is changed from original value to vloopapp15@gmail.com
]]></system-out>
    <system-err><![CDATA[Starting ChromeDriver 2.31.488763 (092de99f48a300323ecf8c2a4e2e7cab51de5ba8) on port 41065
Only local connections are allowed.
авг 25, 2017 1:10:08 PM org.openqa.selenium.remote.ProtocolHandshake createSession
INFO: Attempting bi-dialect session, assuming Postel's Law holds true on the remote end
авг 25, 2017 1:10:09 PM org.openqa.selenium.remote.ProtocolHandshake createSession
INFO: Detected dialect: OSS
]]></system-err>
  </testcase>
  <testcase name="checkLogInVloop" classname="TestsVloop" time="1.993"/>
  <testcase name="checkWrongEmail" classname="TestsVloop" time="1.051"/>
</testsuite>