-------------------------------------------------------------------------------
Test set: TestSuite
-------------------------------------------------------------------------------
Tests run: 3, Failures: 1, Errors: 0, Skipped: 0, Time elapsed: 33.695 s <<< FAILURE! - in TestSuite
checkLogInBtnEnabled(TestsVloop)  Time elapsed: 0.385 s  <<< FAILURE!
java.lang.AssertionError: true expected [true] but found [false]
	at TestsVloop.checkLogInBtnEnabled(TestsVloop.java:26)

