<?xml version="1.0" encoding="UTF-8"?>
<testng-results skipped="0" failed="0" ignored="0" total="9" passed="9">
  <reporter-output>
  </reporter-output>
  <suite name="Suite1" duration-ms="107282" started-at="2017-09-04T11:07:09Z" finished-at="2017-09-04T11:08:56Z">
    <groups>
    </groups>
    <test name="Vloop-package" duration-ms="107282" started-at="2017-09-04T11:07:09Z" finished-at="2017-09-04T11:08:56Z">
      <class name="TestsVloop">
        <test-method status="PASS" signature="createAndStartService()[pri:0, instance:TestsVloop@627551fb]" name="createAndStartService" is-config="true" duration-ms="512" started-at="2017-09-04T13:08:08Z" finished-at="2017-09-04T13:08:08Z">
          <reporter-output>
          </reporter-output>
        </test-method> <!-- createAndStartService -->
        <test-method status="PASS" signature="createDriver()[pri:0, instance:TestsVloop@627551fb]" name="createDriver" is-config="true" duration-ms="8261" started-at="2017-09-04T13:08:08Z" finished-at="2017-09-04T13:08:17Z">
          <reporter-output>
          </reporter-output>
        </test-method> <!-- createDriver -->
        <test-method status="PASS" signature="checkContactUsLinkIsClickable()[pri:0, instance:TestsVloop@627551fb]" name="checkContactUsLinkIsClickable" duration-ms="370" started-at="2017-09-04T13:08:17Z" finished-at="2017-09-04T13:08:17Z">
          <reporter-output>
          </reporter-output>
        </test-method> <!-- checkContactUsLinkIsClickable -->
        <test-method status="PASS" signature="tearDown(org.testng.ITestResult)[pri:0, instance:TestsVloop@627551fb]" name="tearDown" is-config="true" duration-ms="738" started-at="2017-09-04T13:08:17Z" finished-at="2017-09-04T13:08:18Z">
          <params>
            <param index="0">
              <value>
                <![CDATA[[TestResult name=checkContactUsLinkIsClickable status=SUCCESS method=TestsVloop.checkContactUsLinkIsClickable()[pri:0, instance:TestsVloop@627551fb] output={null}]]]>
              </value>
            </param>
          </params>
          <reporter-output>
          </reporter-output>
        </test-method> <!-- tearDown -->
        <test-method status="PASS" signature="createAndStartService()[pri:0, instance:TestsVloop@627551fb]" name="createAndStartService" is-config="true" duration-ms="517" started-at="2017-09-04T13:08:18Z" finished-at="2017-09-04T13:08:18Z">
          <reporter-output>
          </reporter-output>
        </test-method> <!-- createAndStartService -->
        <test-method status="PASS" signature="createDriver()[pri:0, instance:TestsVloop@627551fb]" name="createDriver" is-config="true" duration-ms="7615" started-at="2017-09-04T13:08:18Z" finished-at="2017-09-04T13:08:26Z">
          <reporter-output>
          </reporter-output>
        </test-method> <!-- createDriver -->
        <test-method status="PASS" signature="checkLogInBtnEnabled()[pri:0, instance:TestsVloop@627551fb]" name="checkLogInBtnEnabled" duration-ms="320" started-at="2017-09-04T13:08:26Z" finished-at="2017-09-04T13:08:26Z">
          <reporter-output>
          </reporter-output>
        </test-method> <!-- checkLogInBtnEnabled -->
        <test-method status="PASS" signature="tearDown(org.testng.ITestResult)[pri:0, instance:TestsVloop@627551fb]" name="tearDown" is-config="true" duration-ms="744" started-at="2017-09-04T13:08:26Z" finished-at="2017-09-04T13:08:27Z">
          <params>
            <param index="0">
              <value>
                <![CDATA[[TestResult name=checkLogInBtnEnabled status=SUCCESS method=TestsVloop.checkLogInBtnEnabled()[pri:0, instance:TestsVloop@627551fb] output={null}]]]>
              </value>
            </param>
          </params>
          <reporter-output>
          </reporter-output>
        </test-method> <!-- tearDown -->
        <test-method status="PASS" signature="createAndStartService()[pri:0, instance:TestsVloop@627551fb]" name="createAndStartService" is-config="true" duration-ms="515" started-at="2017-09-04T13:08:27Z" finished-at="2017-09-04T13:08:27Z">
          <reporter-output>
          </reporter-output>
        </test-method> <!-- createAndStartService -->
        <test-method status="PASS" signature="createDriver()[pri:0, instance:TestsVloop@627551fb]" name="createDriver" is-config="true" duration-ms="7209" started-at="2017-09-04T13:08:27Z" finished-at="2017-09-04T13:08:35Z">
          <reporter-output>
          </reporter-output>
        </test-method> <!-- createDriver -->
        <test-method status="PASS" signature="checkLogInVloop()[pri:0, instance:TestsVloop@627551fb]" name="checkLogInVloop" duration-ms="2133" started-at="2017-09-04T13:08:35Z" finished-at="2017-09-04T13:08:37Z">
          <reporter-output>
          </reporter-output>
        </test-method> <!-- checkLogInVloop -->
        <test-method status="PASS" signature="tearDown(org.testng.ITestResult)[pri:0, instance:TestsVloop@627551fb]" name="tearDown" is-config="true" duration-ms="823" started-at="2017-09-04T13:08:37Z" finished-at="2017-09-04T13:08:38Z">
          <params>
            <param index="0">
              <value>
                <![CDATA[[TestResult name=checkLogInVloop status=SUCCESS method=TestsVloop.checkLogInVloop()[pri:0, instance:TestsVloop@627551fb] output={null}]]]>
              </value>
            </param>
          </params>
          <reporter-output>
          </reporter-output>
        </test-method> <!-- tearDown -->
        <test-method status="PASS" signature="createAndStartService()[pri:0, instance:TestsVloop@627551fb]" name="createAndStartService" is-config="true" duration-ms="514" started-at="2017-09-04T13:08:38Z" finished-at="2017-09-04T13:08:38Z">
          <reporter-output>
          </reporter-output>
        </test-method> <!-- createAndStartService -->
        <test-method status="PASS" signature="createDriver()[pri:0, instance:TestsVloop@627551fb]" name="createDriver" is-config="true" duration-ms="7326" started-at="2017-09-04T13:08:38Z" finished-at="2017-09-04T13:08:45Z">
          <reporter-output>
          </reporter-output>
        </test-method> <!-- createDriver -->
        <test-method status="PASS" signature="checkSignUpLinkIsClickable()[pri:0, instance:TestsVloop@627551fb]" name="checkSignUpLinkIsClickable" duration-ms="321" started-at="2017-09-04T13:08:45Z" finished-at="2017-09-04T13:08:46Z">
          <reporter-output>
          </reporter-output>
        </test-method> <!-- checkSignUpLinkIsClickable -->
        <test-method status="PASS" signature="tearDown(org.testng.ITestResult)[pri:0, instance:TestsVloop@627551fb]" name="tearDown" is-config="true" duration-ms="799" started-at="2017-09-04T13:08:46Z" finished-at="2017-09-04T13:08:47Z">
          <params>
            <param index="0">
              <value>
                <![CDATA[[TestResult name=checkSignUpLinkIsClickable status=SUCCESS method=TestsVloop.checkSignUpLinkIsClickable()[pri:0, instance:TestsVloop@627551fb] output={null}]]]>
              </value>
            </param>
          </params>
          <reporter-output>
          </reporter-output>
        </test-method> <!-- tearDown -->
        <test-method status="PASS" signature="createAndStartService()[pri:0, instance:TestsVloop@627551fb]" name="createAndStartService" is-config="true" duration-ms="512" started-at="2017-09-04T13:08:47Z" finished-at="2017-09-04T13:08:47Z">
          <reporter-output>
          </reporter-output>
        </test-method> <!-- createAndStartService -->
        <test-method status="PASS" signature="createDriver()[pri:0, instance:TestsVloop@627551fb]" name="createDriver" is-config="true" duration-ms="7106" started-at="2017-09-04T13:08:47Z" finished-at="2017-09-04T13:08:54Z">
          <reporter-output>
          </reporter-output>
        </test-method> <!-- createDriver -->
        <test-method status="PASS" signature="checkWrongEmail()[pri:0, instance:TestsVloop@627551fb]" name="checkWrongEmail" duration-ms="1272" started-at="2017-09-04T13:08:54Z" finished-at="2017-09-04T13:08:55Z">
          <reporter-output>
          </reporter-output>
        </test-method> <!-- checkWrongEmail -->
        <test-method status="PASS" signature="tearDown(org.testng.ITestResult)[pri:0, instance:TestsVloop@627551fb]" name="tearDown" is-config="true" duration-ms="774" started-at="2017-09-04T13:08:55Z" finished-at="2017-09-04T13:08:56Z">
          <params>
            <param index="0">
              <value>
                <![CDATA[[TestResult name=checkWrongEmail status=SUCCESS method=TestsVloop.checkWrongEmail()[pri:0, instance:TestsVloop@627551fb] output={null}]]]>
              </value>
            </param>
          </params>
          <reporter-output>
          </reporter-output>
        </test-method> <!-- tearDown -->
      </class> <!-- TestsVloop -->
      <class name="TestsVloopHomePage">
        <test-method status="PASS" signature="createAndStartService()[pri:0, instance:TestsVloopHomePage@3701eaf6]" name="createAndStartService" is-config="true" duration-ms="122" started-at="2017-09-04T13:07:09Z" finished-at="2017-09-04T13:07:09Z">
          <reporter-output>
          </reporter-output>
        </test-method> <!-- createAndStartService -->
        <test-method status="PASS" signature="createDriver()[pri:0, instance:TestsVloopHomePage@3701eaf6]" name="createDriver" is-config="true" duration-ms="7350" started-at="2017-09-04T13:07:09Z" finished-at="2017-09-04T13:07:16Z">
          <reporter-output>
          </reporter-output>
        </test-method> <!-- createDriver -->
        <test-method status="PASS" signature="logIn()[pri:0, instance:TestsVloopHomePage@3701eaf6]" name="logIn" is-config="true" duration-ms="2030" started-at="2017-09-04T13:07:16Z" finished-at="2017-09-04T13:07:18Z">
          <reporter-output>
          </reporter-output>
        </test-method> <!-- logIn -->
        <test-method status="PASS" signature="checkDeletingFolder()[pri:0, instance:TestsVloopHomePage@3701eaf6]" name="checkDeletingFolder" duration-ms="4694" started-at="2017-09-04T13:07:18Z" finished-at="2017-09-04T13:07:23Z">
          <reporter-output>
          </reporter-output>
        </test-method> <!-- checkDeletingFolder -->
        <test-method status="PASS" signature="tearDown(org.testng.ITestResult)[pri:0, instance:TestsVloopHomePage@3701eaf6]" name="tearDown" is-config="true" duration-ms="887" started-at="2017-09-04T13:07:23Z" finished-at="2017-09-04T13:07:24Z">
          <params>
            <param index="0">
              <value>
                <![CDATA[[TestResult name=checkDeletingFolder status=SUCCESS method=TestsVloopHomePage.checkDeletingFolder()[pri:0, instance:TestsVloopHomePage@3701eaf6] output={null}]]]>
              </value>
            </param>
          </params>
          <reporter-output>
          </reporter-output>
        </test-method> <!-- tearDown -->
        <test-method status="PASS" signature="createAndStartService()[pri:0, instance:TestsVloopHomePage@3701eaf6]" name="createAndStartService" is-config="true" duration-ms="514" started-at="2017-09-04T13:07:24Z" finished-at="2017-09-04T13:07:25Z">
          <reporter-output>
          </reporter-output>
        </test-method> <!-- createAndStartService -->
        <test-method status="PASS" signature="createDriver()[pri:0, instance:TestsVloopHomePage@3701eaf6]" name="createDriver" is-config="true" duration-ms="6906" started-at="2017-09-04T13:07:25Z" finished-at="2017-09-04T13:07:32Z">
          <reporter-output>
          </reporter-output>
        </test-method> <!-- createDriver -->
        <test-method status="PASS" signature="logIn()[pri:0, instance:TestsVloopHomePage@3701eaf6]" name="logIn" is-config="true" duration-ms="2159" started-at="2017-09-04T13:07:32Z" finished-at="2017-09-04T13:07:34Z">
          <reporter-output>
          </reporter-output>
        </test-method> <!-- logIn -->
        <test-method status="PASS" signature="checkEditingFolder()[pri:0, instance:TestsVloopHomePage@3701eaf6]" name="checkEditingFolder" duration-ms="5658" started-at="2017-09-04T13:07:34Z" finished-at="2017-09-04T13:07:39Z">
          <reporter-output>
          </reporter-output>
        </test-method> <!-- checkEditingFolder -->
        <test-method status="PASS" signature="tearDown(org.testng.ITestResult)[pri:0, instance:TestsVloopHomePage@3701eaf6]" name="tearDown" is-config="true" duration-ms="739" started-at="2017-09-04T13:07:39Z" finished-at="2017-09-04T13:07:40Z">
          <params>
            <param index="0">
              <value>
                <![CDATA[[TestResult name=checkEditingFolder status=SUCCESS method=TestsVloopHomePage.checkEditingFolder()[pri:0, instance:TestsVloopHomePage@3701eaf6] output={null}]]]>
              </value>
            </param>
          </params>
          <reporter-output>
          </reporter-output>
        </test-method> <!-- tearDown -->
        <test-method status="PASS" signature="createAndStartService()[pri:0, instance:TestsVloopHomePage@3701eaf6]" name="createAndStartService" is-config="true" duration-ms="516" started-at="2017-09-04T13:07:40Z" finished-at="2017-09-04T13:07:41Z">
          <reporter-output>
          </reporter-output>
        </test-method> <!-- createAndStartService -->
        <test-method status="PASS" signature="createDriver()[pri:0, instance:TestsVloopHomePage@3701eaf6]" name="createDriver" is-config="true" duration-ms="6887" started-at="2017-09-04T13:07:41Z" finished-at="2017-09-04T13:07:47Z">
          <reporter-output>
          </reporter-output>
        </test-method> <!-- createDriver -->
        <test-method status="PASS" signature="logIn()[pri:0, instance:TestsVloopHomePage@3701eaf6]" name="logIn" is-config="true" duration-ms="2293" started-at="2017-09-04T13:07:47Z" finished-at="2017-09-04T13:07:50Z">
          <reporter-output>
          </reporter-output>
        </test-method> <!-- logIn -->
        <test-method status="PASS" signature="checkFileUploading()[pri:0, instance:TestsVloopHomePage@3701eaf6]" name="checkFileUploading" duration-ms="4510" started-at="2017-09-04T13:07:50Z" finished-at="2017-09-04T13:07:54Z">
          <reporter-output>
          </reporter-output>
        </test-method> <!-- checkFileUploading -->
        <test-method status="PASS" signature="tearDown(org.testng.ITestResult)[pri:0, instance:TestsVloopHomePage@3701eaf6]" name="tearDown" is-config="true" duration-ms="742" started-at="2017-09-04T13:07:54Z" finished-at="2017-09-04T13:07:55Z">
          <params>
            <param index="0">
              <value>
                <![CDATA[[TestResult name=checkFileUploading status=SUCCESS method=TestsVloopHomePage.checkFileUploading()[pri:0, instance:TestsVloopHomePage@3701eaf6] output={null}]]]>
              </value>
            </param>
          </params>
          <reporter-output>
          </reporter-output>
        </test-method> <!-- tearDown -->
        <test-method status="PASS" signature="createAndStartService()[pri:0, instance:TestsVloopHomePage@3701eaf6]" name="createAndStartService" is-config="true" duration-ms="514" started-at="2017-09-04T13:07:55Z" finished-at="2017-09-04T13:07:56Z">
          <reporter-output>
          </reporter-output>
        </test-method> <!-- createAndStartService -->
        <test-method status="PASS" signature="createDriver()[pri:0, instance:TestsVloopHomePage@3701eaf6]" name="createDriver" is-config="true" duration-ms="6433" started-at="2017-09-04T13:07:56Z" finished-at="2017-09-04T13:08:02Z">
          <reporter-output>
          </reporter-output>
        </test-method> <!-- createDriver -->
        <test-method status="PASS" signature="logIn()[pri:0, instance:TestsVloopHomePage@3701eaf6]" name="logIn" is-config="true" duration-ms="2495" started-at="2017-09-04T13:08:02Z" finished-at="2017-09-04T13:08:04Z">
          <reporter-output>
          </reporter-output>
        </test-method> <!-- logIn -->
        <test-method status="PASS" signature="checkNewFolderIsAdded()[pri:0, instance:TestsVloopHomePage@3701eaf6]" name="checkNewFolderIsAdded" duration-ms="2621" started-at="2017-09-04T13:08:04Z" finished-at="2017-09-04T13:08:07Z">
          <reporter-output>
          </reporter-output>
        </test-method> <!-- checkNewFolderIsAdded -->
        <test-method status="PASS" signature="tearDown(org.testng.ITestResult)[pri:0, instance:TestsVloopHomePage@3701eaf6]" name="tearDown" is-config="true" duration-ms="803" started-at="2017-09-04T13:08:07Z" finished-at="2017-09-04T13:08:08Z">
          <params>
            <param index="0">
              <value>
                <![CDATA[[TestResult name=checkNewFolderIsAdded status=SUCCESS method=TestsVloopHomePage.checkNewFolderIsAdded()[pri:0, instance:TestsVloopHomePage@3701eaf6] output={null}]]]>
              </value>
            </param>
          </params>
          <reporter-output>
          </reporter-output>
        </test-method> <!-- tearDown -->
      </class> <!-- TestsVloopHomePage -->
    </test> <!-- Vloop-package -->
  </suite> <!-- Suite1 -->
</testng-results>
