<?xml version="1.0" encoding="UTF-8"?>
<testng-results skipped="0" failed="0" ignored="0" total="8" passed="8">
  <reporter-output>
  </reporter-output>
  <suite name="Suite1" duration-ms="115412" started-at="2017-09-13T11:21:43Z" finished-at="2017-09-13T11:23:38Z">
    <groups>
    </groups>
    <test name="Vloop-package" duration-ms="115412" started-at="2017-09-13T11:21:43Z" finished-at="2017-09-13T11:23:38Z">
      <class name="TestsVloopHomePage">
        <test-method status="PASS" signature="createAndStartService()[pri:0, instance:TestsVloopHomePage@3701eaf6]" name="createAndStartService" is-config="true" duration-ms="189" started-at="2017-09-13T13:21:33Z" finished-at="2017-09-13T13:21:33Z">
          <reporter-output>
          </reporter-output>
        </test-method> <!-- createAndStartService -->
        <test-method status="PASS" signature="createDriver()[pri:0, instance:TestsVloopHomePage@3701eaf6]" name="createDriver" is-config="true" duration-ms="9893" started-at="2017-09-13T13:21:33Z" finished-at="2017-09-13T13:21:43Z">
          <reporter-output>
          </reporter-output>
        </test-method> <!-- createDriver -->
        <test-method status="PASS" signature="logIn()[pri:0, instance:TestsVloopHomePage@3701eaf6]" name="logIn" is-config="true" duration-ms="3950" started-at="2017-09-13T13:21:43Z" finished-at="2017-09-13T13:21:47Z">
          <reporter-output>
          </reporter-output>
        </test-method> <!-- logIn -->
        <test-method status="PASS" signature="cleanHomePage()[pri:0, instance:TestsVloopHomePage@3701eaf6]" name="cleanHomePage" is-config="true" duration-ms="4712" started-at="2017-09-13T13:21:47Z" finished-at="2017-09-13T13:21:52Z">
          <reporter-output>
          </reporter-output>
        </test-method> <!-- cleanHomePage -->
        <test-method status="PASS" signature="checkEditingFolder()[pri:0, instance:TestsVloopHomePage@3701eaf6]" name="checkEditingFolder" duration-ms="5537" started-at="2017-09-13T13:21:52Z" finished-at="2017-09-13T13:21:57Z">
          <reporter-output>
          </reporter-output>
        </test-method> <!-- checkEditingFolder -->
        <test-method status="PASS" signature="takeScreenShot(org.testng.ITestResult)[pri:0, instance:TestsVloopHomePage@3701eaf6]" name="takeScreenShot" is-config="true" duration-ms="3" started-at="2017-09-13T13:21:57Z" finished-at="2017-09-13T13:21:57Z">
          <params>
            <param index="0">
              <value>
                <![CDATA[[TestResult name=checkEditingFolder status=SUCCESS method=TestsVloopHomePage.checkEditingFolder()[pri:0, instance:TestsVloopHomePage@3701eaf6] output={null}]]]>
              </value>
            </param>
          </params>
          <reporter-output>
          </reporter-output>
        </test-method> <!-- takeScreenShot -->
        <test-method status="PASS" signature="cleanHomePage()[pri:0, instance:TestsVloopHomePage@3701eaf6]" name="cleanHomePage" is-config="true" duration-ms="2561" started-at="2017-09-13T13:21:57Z" finished-at="2017-09-13T13:22:00Z">
          <reporter-output>
          </reporter-output>
        </test-method> <!-- cleanHomePage -->
        <test-method status="PASS" signature="checkFileEditing()[pri:0, instance:TestsVloopHomePage@3701eaf6]" name="checkFileEditing" duration-ms="18129" started-at="2017-09-13T13:22:00Z" finished-at="2017-09-13T13:22:18Z">
          <reporter-output>
          </reporter-output>
        </test-method> <!-- checkFileEditing -->
        <test-method status="PASS" signature="takeScreenShot(org.testng.ITestResult)[pri:0, instance:TestsVloopHomePage@3701eaf6]" name="takeScreenShot" is-config="true" duration-ms="0" started-at="2017-09-13T13:22:18Z" finished-at="2017-09-13T13:22:18Z">
          <params>
            <param index="0">
              <value>
                <![CDATA[[TestResult name=checkFileEditing status=SUCCESS method=TestsVloopHomePage.checkFileEditing()[pri:0, instance:TestsVloopHomePage@3701eaf6] output={null}]]]>
              </value>
            </param>
          </params>
          <reporter-output>
          </reporter-output>
        </test-method> <!-- takeScreenShot -->
        <test-method status="PASS" signature="cleanHomePage()[pri:0, instance:TestsVloopHomePage@3701eaf6]" name="cleanHomePage" is-config="true" duration-ms="4767" started-at="2017-09-13T13:22:18Z" finished-at="2017-09-13T13:22:23Z">
          <reporter-output>
          </reporter-output>
        </test-method> <!-- cleanHomePage -->
        <test-method status="PASS" signature="checkFileUploading()[pri:0, instance:TestsVloopHomePage@3701eaf6]" name="checkFileUploading" duration-ms="14676" started-at="2017-09-13T13:22:23Z" finished-at="2017-09-13T13:22:37Z">
          <reporter-output>
          </reporter-output>
        </test-method> <!-- checkFileUploading -->
        <test-method status="PASS" signature="cleanHomePage()[pri:0, instance:TestsVloopHomePage@3701eaf6]" name="cleanHomePage" is-config="true" duration-ms="4560" started-at="2017-09-13T13:22:37Z" finished-at="2017-09-13T13:22:42Z">
          <reporter-output>
          </reporter-output>
        </test-method> <!-- cleanHomePage -->
        <test-method status="PASS" signature="takeScreenShot(org.testng.ITestResult)[pri:0, instance:TestsVloopHomePage@3701eaf6]" name="takeScreenShot" is-config="true" duration-ms="0" started-at="2017-09-13T13:22:37Z" finished-at="2017-09-13T13:22:37Z">
          <params>
            <param index="0">
              <value>
                <![CDATA[[TestResult name=checkFileUploading status=SUCCESS method=TestsVloopHomePage.checkFileUploading()[pri:0, instance:TestsVloopHomePage@3701eaf6] output={null}]]]>
              </value>
            </param>
          </params>
          <reporter-output>
          </reporter-output>
        </test-method> <!-- takeScreenShot -->
        <test-method status="PASS" signature="checkNewFolderIsAdded()[pri:0, instance:TestsVloopHomePage@3701eaf6]" name="checkNewFolderIsAdded" duration-ms="2527" started-at="2017-09-13T13:22:42Z" finished-at="2017-09-13T13:22:44Z">
          <reporter-output>
          </reporter-output>
        </test-method> <!-- checkNewFolderIsAdded -->
        <test-method status="PASS" signature="takeScreenShot(org.testng.ITestResult)[pri:0, instance:TestsVloopHomePage@3701eaf6]" name="takeScreenShot" is-config="true" duration-ms="0" started-at="2017-09-13T13:22:44Z" finished-at="2017-09-13T13:22:44Z">
          <params>
            <param index="0">
              <value>
                <![CDATA[[TestResult name=checkNewFolderIsAdded status=SUCCESS method=TestsVloopHomePage.checkNewFolderIsAdded()[pri:0, instance:TestsVloopHomePage@3701eaf6] output={null}]]]>
              </value>
            </param>
          </params>
          <reporter-output>
          </reporter-output>
        </test-method> <!-- takeScreenShot -->
        <test-method status="PASS" signature="cleanHomePage()[pri:0, instance:TestsVloopHomePage@3701eaf6]" name="cleanHomePage" is-config="true" duration-ms="2724" started-at="2017-09-13T13:22:44Z" finished-at="2017-09-13T13:22:47Z">
          <reporter-output>
          </reporter-output>
        </test-method> <!-- cleanHomePage -->
        <test-method status="PASS" signature="checkVdEditing()[pri:0, instance:TestsVloopHomePage@3701eaf6]" name="checkVdEditing" duration-ms="9274" started-at="2017-09-13T13:22:47Z" finished-at="2017-09-13T13:22:56Z">
          <reporter-output>
          </reporter-output>
        </test-method> <!-- checkVdEditing -->
        <test-method status="PASS" signature="takeScreenShot(org.testng.ITestResult)[pri:0, instance:TestsVloopHomePage@3701eaf6]" name="takeScreenShot" is-config="true" duration-ms="0" started-at="2017-09-13T13:22:56Z" finished-at="2017-09-13T13:22:56Z">
          <params>
            <param index="0">
              <value>
                <![CDATA[[TestResult name=checkVdEditing status=SUCCESS method=TestsVloopHomePage.checkVdEditing()[pri:0, instance:TestsVloopHomePage@3701eaf6] output={null}]]]>
              </value>
            </param>
          </params>
          <reporter-output>
          </reporter-output>
        </test-method> <!-- takeScreenShot -->
        <test-method status="PASS" signature="cleanHomePage()[pri:0, instance:TestsVloopHomePage@3701eaf6]" name="cleanHomePage" is-config="true" duration-ms="4822" started-at="2017-09-13T13:22:56Z" finished-at="2017-09-13T13:23:01Z">
          <reporter-output>
          </reporter-output>
        </test-method> <!-- cleanHomePage -->
        <test-method status="PASS" signature="checkVdUploadingFromDrBox()[pri:0, instance:TestsVloopHomePage@3701eaf6]" name="checkVdUploadingFromDrBox" duration-ms="11266" started-at="2017-09-13T13:23:01Z" finished-at="2017-09-13T13:23:12Z">
          <reporter-output>
          </reporter-output>
        </test-method> <!-- checkVdUploadingFromDrBox -->
        <test-method status="PASS" signature="takeScreenShot(org.testng.ITestResult)[pri:0, instance:TestsVloopHomePage@3701eaf6]" name="takeScreenShot" is-config="true" duration-ms="0" started-at="2017-09-13T13:23:12Z" finished-at="2017-09-13T13:23:12Z">
          <params>
            <param index="0">
              <value>
                <![CDATA[[TestResult name=checkVdUploadingFromDrBox status=SUCCESS method=TestsVloopHomePage.checkVdUploadingFromDrBox()[pri:0, instance:TestsVloopHomePage@3701eaf6] output={null}]]]>
              </value>
            </param>
          </params>
          <reporter-output>
          </reporter-output>
        </test-method> <!-- takeScreenShot -->
        <test-method status="PASS" signature="cleanHomePage()[pri:0, instance:TestsVloopHomePage@3701eaf6]" name="cleanHomePage" is-config="true" duration-ms="4759" started-at="2017-09-13T13:23:12Z" finished-at="2017-09-13T13:23:17Z">
          <reporter-output>
          </reporter-output>
        </test-method> <!-- cleanHomePage -->
        <test-method status="PASS" signature="checkVdUploadingPC()[pri:0, instance:TestsVloopHomePage@3701eaf6]" name="checkVdUploadingPC" duration-ms="12215" started-at="2017-09-13T13:23:17Z" finished-at="2017-09-13T13:23:29Z">
          <reporter-output>
          </reporter-output>
        </test-method> <!-- checkVdUploadingPC -->
        <test-method status="PASS" signature="takeScreenShot(org.testng.ITestResult)[pri:0, instance:TestsVloopHomePage@3701eaf6]" name="takeScreenShot" is-config="true" duration-ms="1" started-at="2017-09-13T13:23:29Z" finished-at="2017-09-13T13:23:29Z">
          <params>
            <param index="0">
              <value>
                <![CDATA[[TestResult name=checkVdUploadingPC status=SUCCESS method=TestsVloopHomePage.checkVdUploadingPC()[pri:0, instance:TestsVloopHomePage@3701eaf6] output={null}]]]>
              </value>
            </param>
          </params>
          <reporter-output>
          </reporter-output>
        </test-method> <!-- takeScreenShot -->
        <test-method status="PASS" signature="cleanHomePage()[pri:0, instance:TestsVloopHomePage@3701eaf6]" name="cleanHomePage" is-config="true" duration-ms="4792" started-at="2017-09-13T13:23:29Z" finished-at="2017-09-13T13:23:34Z">
          <reporter-output>
          </reporter-output>
        </test-method> <!-- cleanHomePage -->
        <test-method status="PASS" signature="checkVdUploadingYouTube()[pri:0, instance:TestsVloopHomePage@3701eaf6]" name="checkVdUploadingYouTube" duration-ms="4120" started-at="2017-09-13T13:23:34Z" finished-at="2017-09-13T13:23:38Z">
          <reporter-output>
          </reporter-output>
        </test-method> <!-- checkVdUploadingYouTube -->
        <test-method status="PASS" signature="takeScreenShot(org.testng.ITestResult)[pri:0, instance:TestsVloopHomePage@3701eaf6]" name="takeScreenShot" is-config="true" duration-ms="1" started-at="2017-09-13T13:23:38Z" finished-at="2017-09-13T13:23:38Z">
          <params>
            <param index="0">
              <value>
                <![CDATA[[TestResult name=checkVdUploadingYouTube status=SUCCESS method=TestsVloopHomePage.checkVdUploadingYouTube()[pri:0, instance:TestsVloopHomePage@3701eaf6] output={null}]]]>
              </value>
            </param>
          </params>
          <reporter-output>
          </reporter-output>
        </test-method> <!-- takeScreenShot -->
        <test-method status="PASS" signature="tearDown()[pri:0, instance:TestsVloopHomePage@3701eaf6]" name="tearDown" is-config="true" duration-ms="1081" started-at="2017-09-13T13:23:38Z" finished-at="2017-09-13T13:23:39Z">
          <reporter-output>
          </reporter-output>
        </test-method> <!-- tearDown -->
      </class> <!-- TestsVloopHomePage -->
    </test> <!-- Vloop-package -->
  </suite> <!-- Suite1 -->
</testng-results>
