<?xml version="1.0" encoding="UTF-8"?>
<testng-results skipped="0" failed="0" ignored="0" total="2" passed="2">
  <reporter-output>
  </reporter-output>
  <suite name="Suite1" duration-ms="21354" started-at="2017-08-14T18:11:13Z" finished-at="2017-08-14T18:11:35Z">
    <groups>
    </groups>
    <test name="Vloop-package" duration-ms="21354" started-at="2017-08-14T18:11:13Z" finished-at="2017-08-14T18:11:35Z">
      <class name="TestsVloop">
        <test-method status="PASS" signature="createAndStartService()[pri:0, instance:TestsVloop@1e67b872]" name="createAndStartService" is-config="true" duration-ms="153" started-at="2017-08-14T20:11:13Z" finished-at="2017-08-14T20:11:13Z">
          <reporter-output>
          </reporter-output>
        </test-method> <!-- createAndStartService -->
        <test-method status="PASS" signature="createDriver()[pri:0, instance:TestsVloop@1e67b872]" name="createDriver" is-config="true" duration-ms="8020" started-at="2017-08-14T20:11:13Z" finished-at="2017-08-14T20:11:21Z">
          <reporter-output>
          </reporter-output>
        </test-method> <!-- createDriver -->
        <test-method status="PASS" signature="checkLogInBtnEnabled()[pri:0, instance:TestsVloop@1e67b872]" name="checkLogInBtnEnabled" duration-ms="351" started-at="2017-08-14T20:11:21Z" finished-at="2017-08-14T20:11:22Z">
          <reporter-output>
          </reporter-output>
        </test-method> <!-- checkLogInBtnEnabled -->
        <test-method status="PASS" signature="quitDriver()[pri:0, instance:TestsVloop@1e67b872]" name="quitDriver" is-config="true" duration-ms="108" started-at="2017-08-14T20:11:22Z" finished-at="2017-08-14T20:11:22Z">
          <reporter-output>
          </reporter-output>
        </test-method> <!-- quitDriver -->
        <test-method status="PASS" signature="serviceStop()[pri:0, instance:TestsVloop@1e67b872]" name="serviceStop" is-config="true" duration-ms="1300" started-at="2017-08-14T20:11:22Z" finished-at="2017-08-14T20:11:23Z">
          <reporter-output>
          </reporter-output>
        </test-method> <!-- serviceStop -->
        <test-method status="PASS" signature="createAndStartService()[pri:0, instance:TestsVloop@1e67b872]" name="createAndStartService" is-config="true" duration-ms="1004" started-at="2017-08-14T20:11:23Z" finished-at="2017-08-14T20:11:24Z">
          <reporter-output>
          </reporter-output>
        </test-method> <!-- createAndStartService -->
        <test-method status="PASS" signature="createDriver()[pri:0, instance:TestsVloop@1e67b872]" name="createDriver" is-config="true" duration-ms="7039" started-at="2017-08-14T20:11:24Z" finished-at="2017-08-14T20:11:31Z">
          <reporter-output>
          </reporter-output>
        </test-method> <!-- createDriver -->
        <test-method status="PASS" signature="checkLogInVloop()[pri:0, instance:TestsVloop@1e67b872]" name="checkLogInVloop" duration-ms="2085" started-at="2017-08-14T20:11:31Z" finished-at="2017-08-14T20:11:33Z">
          <reporter-output>
          </reporter-output>
        </test-method> <!-- checkLogInVloop -->
        <test-method status="PASS" signature="quitDriver()[pri:0, instance:TestsVloop@1e67b872]" name="quitDriver" is-config="true" duration-ms="161" started-at="2017-08-14T20:11:33Z" finished-at="2017-08-14T20:11:33Z">
          <reporter-output>
          </reporter-output>
        </test-method> <!-- quitDriver -->
        <test-method status="PASS" signature="serviceStop()[pri:0, instance:TestsVloop@1e67b872]" name="serviceStop" is-config="true" duration-ms="1113" started-at="2017-08-14T20:11:33Z" finished-at="2017-08-14T20:11:35Z">
          <reporter-output>
          </reporter-output>
        </test-method> <!-- serviceStop -->
      </class> <!-- TestsVloop -->
    </test> <!-- Vloop-package -->
  </suite> <!-- Suite1 -->
</testng-results>
