<?xml version="1.0" encoding="UTF-8"?>
<testng-results skipped="0" failed="1" ignored="0" total="3" passed="2">
  <reporter-output>
    <line>
      <![CDATA[<a href=file:///G:/Screen/screenshot_checkLogInBtnEnabled_2017-08-25_13-10.png target="_blank">screenshot_checkLogInBtnEnabled_2017-08-25_13-10</a>]]>
    </line>
  </reporter-output>
  <suite name="Suite1" duration-ms="30287" started-at="2017-08-25T11:10:07Z" finished-at="2017-08-25T11:10:37Z">
    <groups>
    </groups>
    <test name="Vloop-package" duration-ms="30287" started-at="2017-08-25T11:10:07Z" finished-at="2017-08-25T11:10:37Z">
      <class name="TestsVloop">
        <test-method status="PASS" signature="createAndStartService()[pri:0, instance:TestsVloop@887af79]" name="createAndStartService" is-config="true" duration-ms="122" started-at="2017-08-25T13:10:07Z" finished-at="2017-08-25T13:10:07Z">
          <reporter-output>
          </reporter-output>
        </test-method> <!-- createAndStartService -->
        <test-method status="PASS" signature="createDriver()[pri:0, instance:TestsVloop@887af79]" name="createDriver" is-config="true" duration-ms="8480" started-at="2017-08-25T13:10:07Z" finished-at="2017-08-25T13:10:16Z">
          <reporter-output>
          </reporter-output>
        </test-method> <!-- createDriver -->
        <test-method status="FAIL" signature="checkLogInBtnEnabled()[pri:0, instance:TestsVloop@887af79]" name="checkLogInBtnEnabled" duration-ms="376" started-at="2017-08-25T13:10:16Z" finished-at="2017-08-25T13:10:16Z">
          <exception class="java.lang.AssertionError">
            <message>
              <![CDATA[true expected [true] but found [false]]]>
            </message>
            <full-stacktrace>
              <![CDATA[java.lang.AssertionError: true expected [true] but found [false]
	at org.testng.Assert.fail(Assert.java:93)
	at org.testng.Assert.failNotEquals(Assert.java:512)
	at org.testng.Assert.assertTrue(Assert.java:41)
	at TestsVloop.checkLogInBtnEnabled(TestsVloop.java:26)
	at sun.reflect.NativeMethodAccessorImpl.invoke0(Native Method)
	at sun.reflect.NativeMethodAccessorImpl.invoke(NativeMethodAccessorImpl.java:62)
	at sun.reflect.DelegatingMethodAccessorImpl.invoke(DelegatingMethodAccessorImpl.java:43)
	at java.lang.reflect.Method.invoke(Method.java:498)
	at org.testng.internal.MethodInvocationHelper.invokeMethod(MethodInvocationHelper.java:108)
	at org.testng.internal.Invoker.invokeMethod(Invoker.java:661)
	at org.testng.internal.Invoker.invokeTestMethod(Invoker.java:869)
	at org.testng.internal.Invoker.invokeTestMethods(Invoker.java:1193)
	at org.testng.internal.TestMethodWorker.invokeTestMethods(TestMethodWorker.java:126)
	at org.testng.internal.TestMethodWorker.run(TestMethodWorker.java:109)
	at org.testng.TestRunner.privateRun(TestRunner.java:744)
	at org.testng.TestRunner.run(TestRunner.java:602)
	at org.testng.SuiteRunner.runTest(SuiteRunner.java:380)
	at org.testng.SuiteRunner.runSequentially(SuiteRunner.java:375)
	at org.testng.SuiteRunner.privateRun(SuiteRunner.java:340)
	at org.testng.SuiteRunner.run(SuiteRunner.java:289)
	at org.testng.SuiteRunnerWorker.runSuite(SuiteRunnerWorker.java:52)
	at org.testng.SuiteRunnerWorker.run(SuiteRunnerWorker.java:86)
	at org.testng.TestNG.runSuitesSequentially(TestNG.java:1301)
	at org.testng.TestNG.runSuitesLocally(TestNG.java:1226)
	at org.testng.TestNG.runSuites(TestNG.java:1144)
	at org.testng.TestNG.run(TestNG.java:1115)
	at org.apache.maven.surefire.testng.TestNGExecutor.run(TestNGExecutor.java:283)
	at org.apache.maven.surefire.testng.TestNGXmlTestSuite.execute(TestNGXmlTestSuite.java:75)
	at org.apache.maven.surefire.testng.TestNGProvider.invoke(TestNGProvider.java:120)
	at org.apache.maven.surefire.booter.ForkedBooter.invokeProviderInSameClassLoader(ForkedBooter.java:386)
	at org.apache.maven.surefire.booter.ForkedBooter.runSuitesInProcess(ForkedBooter.java:323)
	at org.apache.maven.surefire.booter.ForkedBooter.main(ForkedBooter.java:143)
]]>
            </full-stacktrace>
          </exception> <!-- java.lang.AssertionError -->
          <reporter-output>
          </reporter-output>
        </test-method> <!-- checkLogInBtnEnabled -->
        <test-method status="PASS" signature="tearDown(org.testng.ITestResult)[pri:0, instance:TestsVloop@887af79]" name="tearDown" is-config="true" duration-ms="1247" started-at="2017-08-25T13:10:16Z" finished-at="2017-08-25T13:10:17Z">
          <params>
            <param index="0">
              <value>
                <![CDATA[[TestResult name=checkLogInBtnEnabled status=FAILURE method=TestsVloop.checkLogInBtnEnabled()[pri:0, instance:TestsVloop@887af79] output={null}]]]>
              </value>
            </param>
          </params>
          <reporter-output>
            <line>
              <![CDATA[<a href=file:///G:/Screen/screenshot_checkLogInBtnEnabled_2017-08-25_13-10.png target="_blank">screenshot_checkLogInBtnEnabled_2017-08-25_13-10</a>]]>
            </line>
          </reporter-output>
        </test-method> <!-- tearDown -->
        <test-method status="PASS" signature="createAndStartService()[pri:0, instance:TestsVloop@887af79]" name="createAndStartService" is-config="true" duration-ms="515" started-at="2017-08-25T13:10:17Z" finished-at="2017-08-25T13:10:18Z">
          <reporter-output>
          </reporter-output>
        </test-method> <!-- createAndStartService -->
        <test-method status="PASS" signature="createDriver()[pri:0, instance:TestsVloop@887af79]" name="createDriver" is-config="true" duration-ms="7159" started-at="2017-08-25T13:10:18Z" finished-at="2017-08-25T13:10:25Z">
          <reporter-output>
          </reporter-output>
        </test-method> <!-- createDriver -->
        <test-method status="PASS" signature="checkLogInVloop()[pri:0, instance:TestsVloop@887af79]" name="checkLogInVloop" duration-ms="1993" started-at="2017-08-25T13:10:25Z" finished-at="2017-08-25T13:10:27Z">
          <reporter-output>
          </reporter-output>
        </test-method> <!-- checkLogInVloop -->
        <test-method status="PASS" signature="tearDown(org.testng.ITestResult)[pri:0, instance:TestsVloop@887af79]" name="tearDown" is-config="true" duration-ms="786" started-at="2017-08-25T13:10:27Z" finished-at="2017-08-25T13:10:28Z">
          <params>
            <param index="0">
              <value>
                <![CDATA[[TestResult name=checkLogInVloop status=SUCCESS method=TestsVloop.checkLogInVloop()[pri:0, instance:TestsVloop@887af79] output={null}]]]>
              </value>
            </param>
          </params>
          <reporter-output>
          </reporter-output>
        </test-method> <!-- tearDown -->
        <test-method status="PASS" signature="createAndStartService()[pri:0, instance:TestsVloop@887af79]" name="createAndStartService" is-config="true" duration-ms="514" started-at="2017-08-25T13:10:28Z" finished-at="2017-08-25T13:10:28Z">
          <reporter-output>
          </reporter-output>
        </test-method> <!-- createAndStartService -->
        <test-method status="PASS" signature="createDriver()[pri:0, instance:TestsVloop@887af79]" name="createDriver" is-config="true" duration-ms="7220" started-at="2017-08-25T13:10:28Z" finished-at="2017-08-25T13:10:36Z">
          <reporter-output>
          </reporter-output>
        </test-method> <!-- createDriver -->
        <test-method status="PASS" signature="checkWrongEmail()[pri:0, instance:TestsVloop@887af79]" name="checkWrongEmail" duration-ms="1051" started-at="2017-08-25T13:10:36Z" finished-at="2017-08-25T13:10:37Z">
          <reporter-output>
          </reporter-output>
        </test-method> <!-- checkWrongEmail -->
        <test-method status="PASS" signature="tearDown(org.testng.ITestResult)[pri:0, instance:TestsVloop@887af79]" name="tearDown" is-config="true" duration-ms="803" started-at="2017-08-25T13:10:37Z" finished-at="2017-08-25T13:10:37Z">
          <params>
            <param index="0">
              <value>
                <![CDATA[[TestResult name=checkWrongEmail status=SUCCESS method=TestsVloop.checkWrongEmail()[pri:0, instance:TestsVloop@887af79] output={null}]]]>
              </value>
            </param>
          </params>
          <reporter-output>
          </reporter-output>
        </test-method> <!-- tearDown -->
      </class> <!-- TestsVloop -->
    </test> <!-- Vloop-package -->
  </suite> <!-- Suite1 -->
</testng-results>
