<?xml version="1.0" encoding="UTF-8"?>
<testng-results skipped="0" failed="0" ignored="6" total="27" passed="21">
  <reporter-output>
  </reporter-output>
  <suite name="Suite1" duration-ms="878181" started-at="2017-10-03T18:19:28Z" finished-at="2017-10-03T18:34:06Z">
    <groups>
    </groups>
    <test name="Vloop-login" duration-ms="878181" started-at="2017-10-03T18:19:28Z" finished-at="2017-10-03T18:34:06Z">
      <class name="TestsVloop">
        <test-method status="PASS" signature="createDriver()[pri:0, instance:TestsVloop@43814d18]" name="createDriver" is-config="true" duration-ms="8736" started-at="2017-10-03T20:33:23Z" finished-at="2017-10-03T20:33:31Z">
          <reporter-output>
          </reporter-output>
        </test-method> <!-- createDriver -->
        <test-method status="PASS" signature="checkContactUsLinkIsClickable()[pri:0, instance:TestsVloop@43814d18]" name="checkContactUsLinkIsClickable" duration-ms="812" started-at="2017-10-03T20:33:31Z" finished-at="2017-10-03T20:33:32Z">
          <reporter-output>
          </reporter-output>
        </test-method> <!-- checkContactUsLinkIsClickable -->
        <test-method status="PASS" signature="takeScreenShot(org.testng.ITestResult)[pri:0, instance:TestsVloop@43814d18]" name="takeScreenShot" is-config="true" duration-ms="0" started-at="2017-10-03T20:33:32Z" finished-at="2017-10-03T20:33:32Z">
          <params>
            <param index="0">
              <value>
                <![CDATA[[TestResult name=checkContactUsLinkIsClickable status=SUCCESS method=TestsVloop.checkContactUsLinkIsClickable()[pri:0, instance:TestsVloop@43814d18] output={null}]]]>
              </value>
            </param>
          </params>
          <reporter-output>
          </reporter-output>
        </test-method> <!-- takeScreenShot -->
        <test-method status="PASS" signature="tearDown()[pri:0, instance:TestsVloop@43814d18]" name="tearDown" is-config="true" duration-ms="144" started-at="2017-10-03T20:33:32Z" finished-at="2017-10-03T20:33:32Z">
          <reporter-output>
          </reporter-output>
        </test-method> <!-- tearDown -->
        <test-method status="PASS" signature="createDriver()[pri:0, instance:TestsVloop@43814d18]" name="createDriver" is-config="true" duration-ms="8630" started-at="2017-10-03T20:33:32Z" finished-at="2017-10-03T20:33:41Z">
          <reporter-output>
          </reporter-output>
        </test-method> <!-- createDriver -->
        <test-method status="PASS" signature="checkLogIn()[pri:0, instance:TestsVloop@43814d18]" name="checkLogIn" duration-ms="2645" started-at="2017-10-03T20:33:41Z" finished-at="2017-10-03T20:33:43Z">
          <reporter-output>
          </reporter-output>
        </test-method> <!-- checkLogIn -->
        <test-method status="PASS" signature="tearDown()[pri:0, instance:TestsVloop@43814d18]" name="tearDown" is-config="true" duration-ms="109" started-at="2017-10-03T20:33:43Z" finished-at="2017-10-03T20:33:44Z">
          <reporter-output>
          </reporter-output>
        </test-method> <!-- tearDown -->
        <test-method status="PASS" signature="takeScreenShot(org.testng.ITestResult)[pri:0, instance:TestsVloop@43814d18]" name="takeScreenShot" is-config="true" duration-ms="0" started-at="2017-10-03T20:33:43Z" finished-at="2017-10-03T20:33:43Z">
          <params>
            <param index="0">
              <value>
                <![CDATA[[TestResult name=checkLogIn status=SUCCESS method=TestsVloop.checkLogIn()[pri:0, instance:TestsVloop@43814d18] output={null}]]]>
              </value>
            </param>
          </params>
          <reporter-output>
          </reporter-output>
        </test-method> <!-- takeScreenShot -->
        <test-method status="PASS" signature="createDriver()[pri:0, instance:TestsVloop@43814d18]" name="createDriver" is-config="true" duration-ms="9260" started-at="2017-10-03T20:33:44Z" finished-at="2017-10-03T20:33:53Z">
          <reporter-output>
          </reporter-output>
        </test-method> <!-- createDriver -->
        <test-method status="PASS" signature="checkLogInBtnEnabled()[pri:0, instance:TestsVloop@43814d18]" name="checkLogInBtnEnabled" duration-ms="417" started-at="2017-10-03T20:33:53Z" finished-at="2017-10-03T20:33:53Z">
          <reporter-output>
          </reporter-output>
        </test-method> <!-- checkLogInBtnEnabled -->
        <test-method status="PASS" signature="takeScreenShot(org.testng.ITestResult)[pri:0, instance:TestsVloop@43814d18]" name="takeScreenShot" is-config="true" duration-ms="1" started-at="2017-10-03T20:33:53Z" finished-at="2017-10-03T20:33:53Z">
          <params>
            <param index="0">
              <value>
                <![CDATA[[TestResult name=checkLogInBtnEnabled status=SUCCESS method=TestsVloop.checkLogInBtnEnabled()[pri:0, instance:TestsVloop@43814d18] output={null}]]]>
              </value>
            </param>
          </params>
          <reporter-output>
          </reporter-output>
        </test-method> <!-- takeScreenShot -->
        <test-method status="PASS" signature="tearDown()[pri:0, instance:TestsVloop@43814d18]" name="tearDown" is-config="true" duration-ms="110" started-at="2017-10-03T20:33:53Z" finished-at="2017-10-03T20:33:53Z">
          <reporter-output>
          </reporter-output>
        </test-method> <!-- tearDown -->
        <test-method status="PASS" signature="createDriver()[pri:0, instance:TestsVloop@43814d18]" name="createDriver" is-config="true" duration-ms="8788" started-at="2017-10-03T20:33:53Z" finished-at="2017-10-03T20:34:02Z">
          <reporter-output>
          </reporter-output>
        </test-method> <!-- createDriver -->
        <test-method status="PASS" signature="checkWrongEmail()[pri:0, instance:TestsVloop@43814d18]" name="checkWrongEmail" duration-ms="2318" started-at="2017-10-03T20:34:02Z" finished-at="2017-10-03T20:34:04Z">
          <reporter-output>
          </reporter-output>
        </test-method> <!-- checkWrongEmail -->
        <test-method status="PASS" signature="tearDown()[pri:0, instance:TestsVloop@43814d18]" name="tearDown" is-config="true" duration-ms="128" started-at="2017-10-03T20:34:04Z" finished-at="2017-10-03T20:34:05Z">
          <reporter-output>
          </reporter-output>
        </test-method> <!-- tearDown -->
        <test-method status="PASS" signature="takeScreenShot(org.testng.ITestResult)[pri:0, instance:TestsVloop@43814d18]" name="takeScreenShot" is-config="true" duration-ms="0" started-at="2017-10-03T20:34:04Z" finished-at="2017-10-03T20:34:04Z">
          <params>
            <param index="0">
              <value>
                <![CDATA[[TestResult name=checkWrongEmail status=SUCCESS method=TestsVloop.checkWrongEmail()[pri:0, instance:TestsVloop@43814d18] output={null}]]]>
              </value>
            </param>
          </params>
          <reporter-output>
          </reporter-output>
        </test-method> <!-- takeScreenShot -->
      </class> <!-- TestsVloop -->
      <class name="TestsVloopHomePage">
        <test-method status="PASS" signature="deleteScreenDirection()[pri:0, instance:TestsVloopHomePage@5ae63ade]" name="deleteScreenDirection" is-config="true" duration-ms="23" started-at="2017-10-03T20:19:28Z" finished-at="2017-10-03T20:19:28Z">
          <reporter-output>
          </reporter-output>
        </test-method> <!-- deleteScreenDirection -->
        <test-method status="PASS" signature="createAndStartService()[pri:0, instance:TestsVloopHomePage@5ae63ade]" name="createAndStartService" is-config="true" duration-ms="2311" started-at="2017-10-03T20:19:28Z" finished-at="2017-10-03T20:19:30Z">
          <reporter-output>
          </reporter-output>
        </test-method> <!-- createAndStartService -->
        <test-method status="PASS" signature="createDriver()[pri:0, instance:TestsVloopHomePage@5ae63ade]" name="createDriver" is-config="true" duration-ms="9418" started-at="2017-10-03T20:19:30Z" finished-at="2017-10-03T20:19:39Z">
          <reporter-output>
          </reporter-output>
        </test-method> <!-- createDriver -->
        <test-method status="PASS" signature="cleanHomePage()[pri:0, instance:TestsVloopHomePage@5ae63ade]" name="cleanHomePage" is-config="true" duration-ms="15740" started-at="2017-10-03T20:19:39Z" finished-at="2017-10-03T20:19:55Z">
          <reporter-output>
          </reporter-output>
        </test-method> <!-- cleanHomePage -->
        <test-method status="PASS" signature="checkEditingFolder()[pri:0, instance:TestsVloopHomePage@5ae63ade]" name="checkEditingFolder" duration-ms="8692" started-at="2017-10-03T20:19:55Z" finished-at="2017-10-03T20:20:04Z">
          <reporter-output>
          </reporter-output>
        </test-method> <!-- checkEditingFolder -->
        <test-method status="PASS" signature="takeScreenShot(org.testng.ITestResult)[pri:0, instance:TestsVloopHomePage@5ae63ade]" name="takeScreenShot" is-config="true" duration-ms="8" started-at="2017-10-03T20:20:04Z" finished-at="2017-10-03T20:20:04Z">
          <params>
            <param index="0">
              <value>
                <![CDATA[[TestResult name=checkEditingFolder status=SUCCESS method=TestsVloopHomePage.checkEditingFolder()[pri:0, instance:TestsVloopHomePage@5ae63ade] output={null}]]]>
              </value>
            </param>
          </params>
          <reporter-output>
          </reporter-output>
        </test-method> <!-- takeScreenShot -->
        <test-method status="PASS" signature="tearDown()[pri:0, instance:TestsVloopHomePage@5ae63ade]" name="tearDown" is-config="true" duration-ms="228" started-at="2017-10-03T20:20:04Z" finished-at="2017-10-03T20:20:04Z">
          <reporter-output>
          </reporter-output>
        </test-method> <!-- tearDown -->
        <test-method status="PASS" signature="createDriver()[pri:0, instance:TestsVloopHomePage@5ae63ade]" name="createDriver" is-config="true" duration-ms="9501" started-at="2017-10-03T20:20:04Z" finished-at="2017-10-03T20:20:13Z">
          <reporter-output>
          </reporter-output>
        </test-method> <!-- createDriver -->
        <test-method status="PASS" signature="cleanHomePage()[pri:0, instance:TestsVloopHomePage@5ae63ade]" name="cleanHomePage" is-config="true" duration-ms="9234" started-at="2017-10-03T20:20:13Z" finished-at="2017-10-03T20:20:23Z">
          <reporter-output>
          </reporter-output>
        </test-method> <!-- cleanHomePage -->
        <test-method status="PASS" signature="checkFileEditing()[pri:0, instance:TestsVloopHomePage@5ae63ade]" name="checkFileEditing" duration-ms="32105" started-at="2017-10-03T20:20:23Z" finished-at="2017-10-03T20:20:55Z">
          <reporter-output>
          </reporter-output>
        </test-method> <!-- checkFileEditing -->
        <test-method status="PASS" signature="takeScreenShot(org.testng.ITestResult)[pri:0, instance:TestsVloopHomePage@5ae63ade]" name="takeScreenShot" is-config="true" duration-ms="4" started-at="2017-10-03T20:20:55Z" finished-at="2017-10-03T20:20:55Z">
          <params>
            <param index="0">
              <value>
                <![CDATA[[TestResult name=checkFileEditing status=SUCCESS method=TestsVloopHomePage.checkFileEditing()[pri:0, instance:TestsVloopHomePage@5ae63ade] output={null}]]]>
              </value>
            </param>
          </params>
          <reporter-output>
          </reporter-output>
        </test-method> <!-- takeScreenShot -->
        <test-method status="PASS" signature="tearDown()[pri:0, instance:TestsVloopHomePage@5ae63ade]" name="tearDown" is-config="true" duration-ms="132" started-at="2017-10-03T20:20:55Z" finished-at="2017-10-03T20:20:55Z">
          <reporter-output>
          </reporter-output>
        </test-method> <!-- tearDown -->
        <test-method status="PASS" signature="createDriver()[pri:0, instance:TestsVloopHomePage@5ae63ade]" name="createDriver" is-config="true" duration-ms="7929" started-at="2017-10-03T20:20:55Z" finished-at="2017-10-03T20:21:03Z">
          <reporter-output>
          </reporter-output>
        </test-method> <!-- createDriver -->
        <test-method status="PASS" signature="cleanHomePage()[pri:0, instance:TestsVloopHomePage@5ae63ade]" name="cleanHomePage" is-config="true" duration-ms="9459" started-at="2017-10-03T20:21:03Z" finished-at="2017-10-03T20:21:12Z">
          <reporter-output>
          </reporter-output>
        </test-method> <!-- cleanHomePage -->
        <test-method status="PASS" signature="checkFileUploading()[pri:0, instance:TestsVloopHomePage@5ae63ade]" name="checkFileUploading" duration-ms="27878" started-at="2017-10-03T20:21:12Z" finished-at="2017-10-03T20:21:40Z">
          <reporter-output>
          </reporter-output>
        </test-method> <!-- checkFileUploading -->
        <test-method status="PASS" signature="takeScreenShot(org.testng.ITestResult)[pri:0, instance:TestsVloopHomePage@5ae63ade]" name="takeScreenShot" is-config="true" duration-ms="4" started-at="2017-10-03T20:21:40Z" finished-at="2017-10-03T20:21:40Z">
          <params>
            <param index="0">
              <value>
                <![CDATA[[TestResult name=checkFileUploading status=SUCCESS method=TestsVloopHomePage.checkFileUploading()[pri:0, instance:TestsVloopHomePage@5ae63ade] output={null}]]]>
              </value>
            </param>
          </params>
          <reporter-output>
          </reporter-output>
        </test-method> <!-- takeScreenShot -->
        <test-method status="PASS" signature="tearDown()[pri:0, instance:TestsVloopHomePage@5ae63ade]" name="tearDown" is-config="true" duration-ms="188" started-at="2017-10-03T20:21:40Z" finished-at="2017-10-03T20:21:40Z">
          <reporter-output>
          </reporter-output>
        </test-method> <!-- tearDown -->
        <test-method status="PASS" signature="createDriver()[pri:0, instance:TestsVloopHomePage@5ae63ade]" name="createDriver" is-config="true" duration-ms="8430" started-at="2017-10-03T20:21:40Z" finished-at="2017-10-03T20:21:49Z">
          <reporter-output>
          </reporter-output>
        </test-method> <!-- createDriver -->
        <test-method status="PASS" signature="cleanHomePage()[pri:0, instance:TestsVloopHomePage@5ae63ade]" name="cleanHomePage" is-config="true" duration-ms="9439" started-at="2017-10-03T20:21:49Z" finished-at="2017-10-03T20:21:58Z">
          <reporter-output>
          </reporter-output>
        </test-method> <!-- cleanHomePage -->
        <test-method status="PASS" signature="checkNewFolderIsAdded()[pri:0, instance:TestsVloopHomePage@5ae63ade]" name="checkNewFolderIsAdded" duration-ms="4978" started-at="2017-10-03T20:21:58Z" finished-at="2017-10-03T20:22:03Z">
          <reporter-output>
          </reporter-output>
        </test-method> <!-- checkNewFolderIsAdded -->
        <test-method status="PASS" signature="takeScreenShot(org.testng.ITestResult)[pri:0, instance:TestsVloopHomePage@5ae63ade]" name="takeScreenShot" is-config="true" duration-ms="1" started-at="2017-10-03T20:22:03Z" finished-at="2017-10-03T20:22:03Z">
          <params>
            <param index="0">
              <value>
                <![CDATA[[TestResult name=checkNewFolderIsAdded status=SUCCESS method=TestsVloopHomePage.checkNewFolderIsAdded()[pri:0, instance:TestsVloopHomePage@5ae63ade] output={null}]]]>
              </value>
            </param>
          </params>
          <reporter-output>
          </reporter-output>
        </test-method> <!-- takeScreenShot -->
        <test-method status="PASS" signature="tearDown()[pri:0, instance:TestsVloopHomePage@5ae63ade]" name="tearDown" is-config="true" duration-ms="161" started-at="2017-10-03T20:22:03Z" finished-at="2017-10-03T20:22:03Z">
          <reporter-output>
          </reporter-output>
        </test-method> <!-- tearDown -->
        <test-method status="PASS" signature="createDriver()[pri:0, instance:TestsVloopHomePage@5ae63ade]" name="createDriver" is-config="true" duration-ms="7944" started-at="2017-10-03T20:22:03Z" finished-at="2017-10-03T20:22:11Z">
          <reporter-output>
          </reporter-output>
        </test-method> <!-- createDriver -->
        <test-method status="PASS" signature="cleanHomePage()[pri:0, instance:TestsVloopHomePage@5ae63ade]" name="cleanHomePage" is-config="true" duration-ms="8377" started-at="2017-10-03T20:22:11Z" finished-at="2017-10-03T20:22:20Z">
          <reporter-output>
          </reporter-output>
        </test-method> <!-- cleanHomePage -->
        <test-method status="PASS" signature="checkVdEditing()[pri:0, instance:TestsVloopHomePage@5ae63ade]" name="checkVdEditing" duration-ms="11371" started-at="2017-10-03T20:22:20Z" finished-at="2017-10-03T20:22:31Z">
          <reporter-output>
          </reporter-output>
        </test-method> <!-- checkVdEditing -->
        <test-method status="PASS" signature="tearDown()[pri:0, instance:TestsVloopHomePage@5ae63ade]" name="tearDown" is-config="true" duration-ms="115" started-at="2017-10-03T20:22:31Z" finished-at="2017-10-03T20:22:31Z">
          <reporter-output>
          </reporter-output>
        </test-method> <!-- tearDown -->
        <test-method status="PASS" signature="takeScreenShot(org.testng.ITestResult)[pri:0, instance:TestsVloopHomePage@5ae63ade]" name="takeScreenShot" is-config="true" duration-ms="0" started-at="2017-10-03T20:22:31Z" finished-at="2017-10-03T20:22:31Z">
          <params>
            <param index="0">
              <value>
                <![CDATA[[TestResult name=checkVdEditing status=SUCCESS method=TestsVloopHomePage.checkVdEditing()[pri:0, instance:TestsVloopHomePage@5ae63ade] output={null}]]]>
              </value>
            </param>
          </params>
          <reporter-output>
          </reporter-output>
        </test-method> <!-- takeScreenShot -->
        <test-method status="PASS" signature="createDriver()[pri:0, instance:TestsVloopHomePage@5ae63ade]" name="createDriver" is-config="true" duration-ms="8773" started-at="2017-10-03T20:22:31Z" finished-at="2017-10-03T20:22:40Z">
          <reporter-output>
          </reporter-output>
        </test-method> <!-- createDriver -->
        <test-method status="PASS" signature="cleanHomePage()[pri:0, instance:TestsVloopHomePage@5ae63ade]" name="cleanHomePage" is-config="true" duration-ms="9853" started-at="2017-10-03T20:22:40Z" finished-at="2017-10-03T20:22:50Z">
          <reporter-output>
          </reporter-output>
        </test-method> <!-- cleanHomePage -->
        <test-method status="PASS" signature="checkVdUploadingFromDrBox()[pri:0, instance:TestsVloopHomePage@5ae63ade]" name="checkVdUploadingFromDrBox" duration-ms="14710" started-at="2017-10-03T20:22:50Z" finished-at="2017-10-03T20:23:05Z">
          <reporter-output>
          </reporter-output>
        </test-method> <!-- checkVdUploadingFromDrBox -->
        <test-method status="PASS" signature="takeScreenShot(org.testng.ITestResult)[pri:0, instance:TestsVloopHomePage@5ae63ade]" name="takeScreenShot" is-config="true" duration-ms="1" started-at="2017-10-03T20:23:05Z" finished-at="2017-10-03T20:23:05Z">
          <params>
            <param index="0">
              <value>
                <![CDATA[[TestResult name=checkVdUploadingFromDrBox status=SUCCESS method=TestsVloopHomePage.checkVdUploadingFromDrBox()[pri:0, instance:TestsVloopHomePage@5ae63ade] output={null}]]]>
              </value>
            </param>
          </params>
          <reporter-output>
          </reporter-output>
        </test-method> <!-- takeScreenShot -->
        <test-method status="PASS" signature="tearDown()[pri:0, instance:TestsVloopHomePage@5ae63ade]" name="tearDown" is-config="true" duration-ms="285" started-at="2017-10-03T20:23:05Z" finished-at="2017-10-03T20:23:05Z">
          <reporter-output>
          </reporter-output>
        </test-method> <!-- tearDown -->
        <test-method status="PASS" signature="createDriver()[pri:0, instance:TestsVloopHomePage@5ae63ade]" name="createDriver" is-config="true" duration-ms="9980" started-at="2017-10-03T20:23:05Z" finished-at="2017-10-03T20:23:15Z">
          <reporter-output>
          </reporter-output>
        </test-method> <!-- createDriver -->
        <test-method status="PASS" signature="cleanHomePage()[pri:0, instance:TestsVloopHomePage@5ae63ade]" name="cleanHomePage" is-config="true" duration-ms="9905" started-at="2017-10-03T20:23:15Z" finished-at="2017-10-03T20:23:25Z">
          <reporter-output>
          </reporter-output>
        </test-method> <!-- cleanHomePage -->
        <test-method status="PASS" signature="checkVdUploadingPC()[pri:0, instance:TestsVloopHomePage@5ae63ade]" name="checkVdUploadingPC" duration-ms="90632" started-at="2017-10-03T20:23:25Z" finished-at="2017-10-03T20:24:55Z">
          <reporter-output>
          </reporter-output>
        </test-method> <!-- checkVdUploadingPC -->
        <test-method status="PASS" signature="tearDown()[pri:0, instance:TestsVloopHomePage@5ae63ade]" name="tearDown" is-config="true" duration-ms="196" started-at="2017-10-03T20:24:55Z" finished-at="2017-10-03T20:24:56Z">
          <reporter-output>
          </reporter-output>
        </test-method> <!-- tearDown -->
        <test-method status="PASS" signature="takeScreenShot(org.testng.ITestResult)[pri:0, instance:TestsVloopHomePage@5ae63ade]" name="takeScreenShot" is-config="true" duration-ms="0" started-at="2017-10-03T20:24:55Z" finished-at="2017-10-03T20:24:55Z">
          <params>
            <param index="0">
              <value>
                <![CDATA[[TestResult name=checkVdUploadingPC status=SUCCESS method=TestsVloopHomePage.checkVdUploadingPC()[pri:0, instance:TestsVloopHomePage@5ae63ade] output={null}]]]>
              </value>
            </param>
          </params>
          <reporter-output>
          </reporter-output>
        </test-method> <!-- takeScreenShot -->
        <test-method status="PASS" signature="createDriver()[pri:0, instance:TestsVloopHomePage@5ae63ade]" name="createDriver" is-config="true" duration-ms="8991" started-at="2017-10-03T20:24:56Z" finished-at="2017-10-03T20:25:05Z">
          <reporter-output>
          </reporter-output>
        </test-method> <!-- createDriver -->
        <test-method status="PASS" signature="cleanHomePage()[pri:0, instance:TestsVloopHomePage@5ae63ade]" name="cleanHomePage" is-config="true" duration-ms="9535" started-at="2017-10-03T20:25:05Z" finished-at="2017-10-03T20:25:14Z">
          <reporter-output>
          </reporter-output>
        </test-method> <!-- cleanHomePage -->
        <test-method status="PASS" signature="checkVdUploadingYouTube()[pri:0, instance:TestsVloopHomePage@5ae63ade]" name="checkVdUploadingYouTube" duration-ms="10252" started-at="2017-10-03T20:25:14Z" finished-at="2017-10-03T20:25:24Z">
          <reporter-output>
          </reporter-output>
        </test-method> <!-- checkVdUploadingYouTube -->
        <test-method status="PASS" signature="takeScreenShot(org.testng.ITestResult)[pri:0, instance:TestsVloopHomePage@5ae63ade]" name="takeScreenShot" is-config="true" duration-ms="0" started-at="2017-10-03T20:25:24Z" finished-at="2017-10-03T20:25:24Z">
          <params>
            <param index="0">
              <value>
                <![CDATA[[TestResult name=checkVdUploadingYouTube status=SUCCESS method=TestsVloopHomePage.checkVdUploadingYouTube()[pri:0, instance:TestsVloopHomePage@5ae63ade] output={null}]]]>
              </value>
            </param>
          </params>
          <reporter-output>
          </reporter-output>
        </test-method> <!-- takeScreenShot -->
        <test-method status="PASS" signature="tearDown()[pri:0, instance:TestsVloopHomePage@5ae63ade]" name="tearDown" is-config="true" duration-ms="132" started-at="2017-10-03T20:25:24Z" finished-at="2017-10-03T20:25:24Z">
          <reporter-output>
          </reporter-output>
        </test-method> <!-- tearDown -->
        <test-method status="PASS" signature="stopService()[pri:0, instance:TestsVloopHomePage@5ae63ade]" name="stopService" is-config="true" duration-ms="1116" started-at="2017-10-03T20:34:05Z" finished-at="2017-10-03T20:34:06Z">
          <reporter-output>
          </reporter-output>
        </test-method> <!-- stopService -->
      </class> <!-- TestsVloopHomePage -->
      <class name="TestVloopGamePage">
        <test-method status="PASS" signature="createDriver()[pri:0, instance:TestVloopGamePage@610694f1]" name="createDriver" is-config="true" duration-ms="8251" started-at="2017-10-03T20:25:24Z" finished-at="2017-10-03T20:25:33Z">
          <reporter-output>
          </reporter-output>
        </test-method> <!-- createDriver -->
        <test-method status="PASS" signature="uploadVideo()[pri:0, instance:TestVloopGamePage@610694f1]" name="uploadVideo" is-config="true" duration-ms="100574" started-at="2017-10-03T20:25:33Z" finished-at="2017-10-03T20:27:13Z">
          <reporter-output>
          </reporter-output>
        </test-method> <!-- uploadVideo -->
        <test-method status="PASS" signature="checkAddingCommentByTag()[pri:0, instance:TestVloopGamePage@610694f1]" name="checkAddingCommentByTag" duration-ms="16255" started-at="2017-10-03T20:27:13Z" finished-at="2017-10-03T20:27:30Z">
          <reporter-output>
          </reporter-output>
        </test-method> <!-- checkAddingCommentByTag -->
        <test-method status="PASS" signature="takeScreenShot(org.testng.ITestResult)[pri:0, instance:TestVloopGamePage@610694f1]" name="takeScreenShot" is-config="true" duration-ms="0" started-at="2017-10-03T20:27:30Z" finished-at="2017-10-03T20:27:30Z">
          <params>
            <param index="0">
              <value>
                <![CDATA[[TestResult name=checkAddingCommentByTag status=SUCCESS method=TestVloopGamePage.checkAddingCommentByTag()[pri:0, instance:TestVloopGamePage@610694f1] output={null}]]]>
              </value>
            </param>
          </params>
          <reporter-output>
          </reporter-output>
        </test-method> <!-- takeScreenShot -->
        <test-method status="PASS" signature="tearDown()[pri:0, instance:TestVloopGamePage@610694f1]" name="tearDown" is-config="true" duration-ms="218" started-at="2017-10-03T20:27:30Z" finished-at="2017-10-03T20:27:30Z">
          <reporter-output>
          </reporter-output>
        </test-method> <!-- tearDown -->
        <test-method status="PASS" signature="createDriver()[pri:0, instance:TestVloopGamePage@610694f1]" name="createDriver" is-config="true" duration-ms="8275" started-at="2017-10-03T20:27:30Z" finished-at="2017-10-03T20:27:38Z">
          <reporter-output>
          </reporter-output>
        </test-method> <!-- createDriver -->
        <test-method status="PASS" signature="uploadVideo()[pri:0, instance:TestVloopGamePage@610694f1]" name="uploadVideo" is-config="true" duration-ms="10586" started-at="2017-10-03T20:27:38Z" finished-at="2017-10-03T20:27:49Z">
          <reporter-output>
          </reporter-output>
        </test-method> <!-- uploadVideo -->
        <test-method status="PASS" signature="checkCommentAdding()[pri:0, instance:TestVloopGamePage@610694f1]" name="checkCommentAdding" duration-ms="5137" started-at="2017-10-03T20:27:49Z" finished-at="2017-10-03T20:27:54Z">
          <reporter-output>
          </reporter-output>
        </test-method> <!-- checkCommentAdding -->
        <test-method status="PASS" signature="takeScreenShot(org.testng.ITestResult)[pri:0, instance:TestVloopGamePage@610694f1]" name="takeScreenShot" is-config="true" duration-ms="0" started-at="2017-10-03T20:27:54Z" finished-at="2017-10-03T20:27:54Z">
          <params>
            <param index="0">
              <value>
                <![CDATA[[TestResult name=checkCommentAdding status=SUCCESS method=TestVloopGamePage.checkCommentAdding()[pri:0, instance:TestVloopGamePage@610694f1] output={null}]]]>
              </value>
            </param>
          </params>
          <reporter-output>
          </reporter-output>
        </test-method> <!-- takeScreenShot -->
        <test-method status="PASS" signature="tearDown()[pri:0, instance:TestVloopGamePage@610694f1]" name="tearDown" is-config="true" duration-ms="103" started-at="2017-10-03T20:27:54Z" finished-at="2017-10-03T20:27:54Z">
          <reporter-output>
          </reporter-output>
        </test-method> <!-- tearDown -->
        <test-method status="PASS" signature="createDriver()[pri:0, instance:TestVloopGamePage@610694f1]" name="createDriver" is-config="true" duration-ms="8632" started-at="2017-10-03T20:27:54Z" finished-at="2017-10-03T20:28:02Z">
          <reporter-output>
          </reporter-output>
        </test-method> <!-- createDriver -->
        <test-method status="PASS" signature="uploadVideo()[pri:0, instance:TestVloopGamePage@610694f1]" name="uploadVideo" is-config="true" duration-ms="10110" started-at="2017-10-03T20:28:02Z" finished-at="2017-10-03T20:28:13Z">
          <reporter-output>
          </reporter-output>
        </test-method> <!-- uploadVideo -->
        <test-method status="PASS" signature="checkCommentEditing()[pri:0, instance:TestVloopGamePage@610694f1]" name="checkCommentEditing" duration-ms="7977" started-at="2017-10-03T20:28:13Z" finished-at="2017-10-03T20:28:21Z">
          <reporter-output>
          </reporter-output>
        </test-method> <!-- checkCommentEditing -->
        <test-method status="PASS" signature="tearDown()[pri:0, instance:TestVloopGamePage@610694f1]" name="tearDown" is-config="true" duration-ms="100" started-at="2017-10-03T20:28:21Z" finished-at="2017-10-03T20:28:21Z">
          <reporter-output>
          </reporter-output>
        </test-method> <!-- tearDown -->
        <test-method status="PASS" signature="takeScreenShot(org.testng.ITestResult)[pri:0, instance:TestVloopGamePage@610694f1]" name="takeScreenShot" is-config="true" duration-ms="0" started-at="2017-10-03T20:28:21Z" finished-at="2017-10-03T20:28:21Z">
          <params>
            <param index="0">
              <value>
                <![CDATA[[TestResult name=checkCommentEditing status=SUCCESS method=TestVloopGamePage.checkCommentEditing()[pri:0, instance:TestVloopGamePage@610694f1] output={null}]]]>
              </value>
            </param>
          </params>
          <reporter-output>
          </reporter-output>
        </test-method> <!-- takeScreenShot -->
        <test-method status="PASS" signature="createDriver()[pri:0, instance:TestVloopGamePage@610694f1]" name="createDriver" is-config="true" duration-ms="8407" started-at="2017-10-03T20:28:21Z" finished-at="2017-10-03T20:28:29Z">
          <reporter-output>
          </reporter-output>
        </test-method> <!-- createDriver -->
        <test-method status="PASS" signature="uploadVideo()[pri:0, instance:TestVloopGamePage@610694f1]" name="uploadVideo" is-config="true" duration-ms="9769" started-at="2017-10-03T20:28:29Z" finished-at="2017-10-03T20:28:39Z">
          <reporter-output>
          </reporter-output>
        </test-method> <!-- uploadVideo -->
        <test-method status="PASS" signature="checkLoadImageCanvas()[pri:0, instance:TestVloopGamePage@610694f1]" name="checkLoadImageCanvas" duration-ms="20937" started-at="2017-10-03T20:28:39Z" finished-at="2017-10-03T20:29:00Z">
          <reporter-output>
          </reporter-output>
        </test-method> <!-- checkLoadImageCanvas -->
        <test-method status="PASS" signature="takeScreenShot(org.testng.ITestResult)[pri:0, instance:TestVloopGamePage@610694f1]" name="takeScreenShot" is-config="true" duration-ms="0" started-at="2017-10-03T20:29:00Z" finished-at="2017-10-03T20:29:00Z">
          <params>
            <param index="0">
              <value>
                <![CDATA[[TestResult name=checkLoadImageCanvas status=SUCCESS method=TestVloopGamePage.checkLoadImageCanvas()[pri:0, instance:TestVloopGamePage@610694f1] output={null}]]]>
              </value>
            </param>
          </params>
          <reporter-output>
          </reporter-output>
        </test-method> <!-- takeScreenShot -->
        <test-method status="PASS" signature="tearDown()[pri:0, instance:TestVloopGamePage@610694f1]" name="tearDown" is-config="true" duration-ms="120" started-at="2017-10-03T20:29:00Z" finished-at="2017-10-03T20:29:00Z">
          <reporter-output>
          </reporter-output>
        </test-method> <!-- tearDown -->
        <test-method status="PASS" signature="createDriver()[pri:0, instance:TestVloopGamePage@610694f1]" name="createDriver" is-config="true" duration-ms="8411" started-at="2017-10-03T20:29:00Z" finished-at="2017-10-03T20:29:08Z">
          <reporter-output>
          </reporter-output>
        </test-method> <!-- createDriver -->
        <test-method status="PASS" signature="uploadVideo()[pri:0, instance:TestVloopGamePage@610694f1]" name="uploadVideo" is-config="true" duration-ms="10381" started-at="2017-10-03T20:29:08Z" finished-at="2017-10-03T20:29:19Z">
          <reporter-output>
          </reporter-output>
        </test-method> <!-- uploadVideo -->
        <test-method status="PASS" signature="checkScreenShot()[pri:0, instance:TestVloopGamePage@610694f1]" name="checkScreenShot" duration-ms="144245" started-at="2017-10-03T20:29:19Z" finished-at="2017-10-03T20:31:43Z">
          <reporter-output>
          </reporter-output>
        </test-method> <!-- checkScreenShot -->
        <test-method status="PASS" signature="takeScreenShot(org.testng.ITestResult)[pri:0, instance:TestVloopGamePage@610694f1]" name="takeScreenShot" is-config="true" duration-ms="0" started-at="2017-10-03T20:31:43Z" finished-at="2017-10-03T20:31:43Z">
          <params>
            <param index="0">
              <value>
                <![CDATA[[TestResult name=checkScreenShot status=SUCCESS method=TestVloopGamePage.checkScreenShot()[pri:0, instance:TestVloopGamePage@610694f1] output={null}]]]>
              </value>
            </param>
          </params>
          <reporter-output>
          </reporter-output>
        </test-method> <!-- takeScreenShot -->
        <test-method status="PASS" signature="tearDown()[pri:0, instance:TestVloopGamePage@610694f1]" name="tearDown" is-config="true" duration-ms="122" started-at="2017-10-03T20:31:43Z" finished-at="2017-10-03T20:31:43Z">
          <reporter-output>
          </reporter-output>
        </test-method> <!-- tearDown -->
        <test-method status="PASS" signature="createDriver()[pri:0, instance:TestVloopGamePage@610694f1]" name="createDriver" is-config="true" duration-ms="12494" started-at="2017-10-03T20:31:43Z" finished-at="2017-10-03T20:31:56Z">
          <reporter-output>
          </reporter-output>
        </test-method> <!-- createDriver -->
        <test-method status="PASS" signature="uploadVideo()[pri:0, instance:TestVloopGamePage@610694f1]" name="uploadVideo" is-config="true" duration-ms="10781" started-at="2017-10-03T20:31:56Z" finished-at="2017-10-03T20:32:06Z">
          <reporter-output>
          </reporter-output>
        </test-method> <!-- uploadVideo -->
        <test-method status="PASS" signature="checkSkipBack()[pri:0, instance:TestVloopGamePage@610694f1]" name="checkSkipBack" duration-ms="393" started-at="2017-10-03T20:32:06Z" finished-at="2017-10-03T20:32:07Z">
          <reporter-output>
          </reporter-output>
        </test-method> <!-- checkSkipBack -->
        <test-method status="PASS" signature="takeScreenShot(org.testng.ITestResult)[pri:0, instance:TestVloopGamePage@610694f1]" name="takeScreenShot" is-config="true" duration-ms="1" started-at="2017-10-03T20:32:07Z" finished-at="2017-10-03T20:32:07Z">
          <params>
            <param index="0">
              <value>
                <![CDATA[[TestResult name=checkSkipBack status=SUCCESS method=TestVloopGamePage.checkSkipBack()[pri:0, instance:TestVloopGamePage@610694f1] output={null}]]]>
              </value>
            </param>
          </params>
          <reporter-output>
          </reporter-output>
        </test-method> <!-- takeScreenShot -->
        <test-method status="PASS" signature="tearDown()[pri:0, instance:TestVloopGamePage@610694f1]" name="tearDown" is-config="true" duration-ms="132" started-at="2017-10-03T20:32:07Z" finished-at="2017-10-03T20:32:07Z">
          <reporter-output>
          </reporter-output>
        </test-method> <!-- tearDown -->
        <test-method status="PASS" signature="createDriver()[pri:0, instance:TestVloopGamePage@610694f1]" name="createDriver" is-config="true" duration-ms="8579" started-at="2017-10-03T20:32:07Z" finished-at="2017-10-03T20:32:15Z">
          <reporter-output>
          </reporter-output>
        </test-method> <!-- createDriver -->
        <test-method status="PASS" signature="uploadVideo()[pri:0, instance:TestVloopGamePage@610694f1]" name="uploadVideo" is-config="true" duration-ms="10700" started-at="2017-10-03T20:32:15Z" finished-at="2017-10-03T20:32:26Z">
          <reporter-output>
          </reporter-output>
        </test-method> <!-- uploadVideo -->
        <test-method status="PASS" signature="checkSkipForward()[pri:0, instance:TestVloopGamePage@610694f1]" name="checkSkipForward" duration-ms="468" started-at="2017-10-03T20:32:26Z" finished-at="2017-10-03T20:32:27Z">
          <reporter-output>
          </reporter-output>
        </test-method> <!-- checkSkipForward -->
        <test-method status="PASS" signature="takeScreenShot(org.testng.ITestResult)[pri:0, instance:TestVloopGamePage@610694f1]" name="takeScreenShot" is-config="true" duration-ms="0" started-at="2017-10-03T20:32:27Z" finished-at="2017-10-03T20:32:27Z">
          <params>
            <param index="0">
              <value>
                <![CDATA[[TestResult name=checkSkipForward status=SUCCESS method=TestVloopGamePage.checkSkipForward()[pri:0, instance:TestVloopGamePage@610694f1] output={null}]]]>
              </value>
            </param>
          </params>
          <reporter-output>
          </reporter-output>
        </test-method> <!-- takeScreenShot -->
        <test-method status="PASS" signature="tearDown()[pri:0, instance:TestVloopGamePage@610694f1]" name="tearDown" is-config="true" duration-ms="174" started-at="2017-10-03T20:32:27Z" finished-at="2017-10-03T20:32:27Z">
          <reporter-output>
          </reporter-output>
        </test-method> <!-- tearDown -->
        <test-method status="PASS" signature="createDriver()[pri:0, instance:TestVloopGamePage@610694f1]" name="createDriver" is-config="true" duration-ms="8485" started-at="2017-10-03T20:32:27Z" finished-at="2017-10-03T20:32:35Z">
          <reporter-output>
          </reporter-output>
        </test-method> <!-- createDriver -->
        <test-method status="PASS" signature="uploadVideo()[pri:0, instance:TestVloopGamePage@610694f1]" name="uploadVideo" is-config="true" duration-ms="12271" started-at="2017-10-03T20:32:35Z" finished-at="2017-10-03T20:32:48Z">
          <reporter-output>
          </reporter-output>
        </test-method> <!-- uploadVideo -->
        <test-method status="PASS" signature="checkTagAdding()[pri:0, instance:TestVloopGamePage@610694f1]" name="checkTagAdding" duration-ms="13487" started-at="2017-10-03T20:32:48Z" finished-at="2017-10-03T20:33:01Z">
          <reporter-output>
          </reporter-output>
        </test-method> <!-- checkTagAdding -->
        <test-method status="PASS" signature="takeScreenShot(org.testng.ITestResult)[pri:0, instance:TestVloopGamePage@610694f1]" name="takeScreenShot" is-config="true" duration-ms="0" started-at="2017-10-03T20:33:01Z" finished-at="2017-10-03T20:33:01Z">
          <params>
            <param index="0">
              <value>
                <![CDATA[[TestResult name=checkTagAdding status=SUCCESS method=TestVloopGamePage.checkTagAdding()[pri:0, instance:TestVloopGamePage@610694f1] output={null}]]]>
              </value>
            </param>
          </params>
          <reporter-output>
          </reporter-output>
        </test-method> <!-- takeScreenShot -->
        <test-method status="PASS" signature="tearDown()[pri:0, instance:TestVloopGamePage@610694f1]" name="tearDown" is-config="true" duration-ms="140" started-at="2017-10-03T20:33:01Z" finished-at="2017-10-03T20:33:01Z">
          <reporter-output>
          </reporter-output>
        </test-method> <!-- tearDown -->
        <test-method status="PASS" signature="createDriver()[pri:0, instance:TestVloopGamePage@610694f1]" name="createDriver" is-config="true" duration-ms="8138" started-at="2017-10-03T20:33:01Z" finished-at="2017-10-03T20:33:09Z">
          <reporter-output>
          </reporter-output>
        </test-method> <!-- createDriver -->
        <test-method status="PASS" signature="uploadVideo()[pri:0, instance:TestVloopGamePage@610694f1]" name="uploadVideo" is-config="true" duration-ms="10352" started-at="2017-10-03T20:33:09Z" finished-at="2017-10-03T20:33:20Z">
          <reporter-output>
          </reporter-output>
        </test-method> <!-- uploadVideo -->
        <test-method status="PASS" signature="checkThatVideoIsPlayed()[pri:0, instance:TestVloopGamePage@610694f1]" name="checkThatVideoIsPlayed" duration-ms="2628" started-at="2017-10-03T20:33:20Z" finished-at="2017-10-03T20:33:22Z">
          <reporter-output>
          </reporter-output>
        </test-method> <!-- checkThatVideoIsPlayed -->
        <test-method status="PASS" signature="takeScreenShot(org.testng.ITestResult)[pri:0, instance:TestVloopGamePage@610694f1]" name="takeScreenShot" is-config="true" duration-ms="1" started-at="2017-10-03T20:33:22Z" finished-at="2017-10-03T20:33:22Z">
          <params>
            <param index="0">
              <value>
                <![CDATA[[TestResult name=checkThatVideoIsPlayed status=SUCCESS method=TestVloopGamePage.checkThatVideoIsPlayed()[pri:0, instance:TestVloopGamePage@610694f1] output={null}]]]>
              </value>
            </param>
          </params>
          <reporter-output>
          </reporter-output>
        </test-method> <!-- takeScreenShot -->
        <test-method status="PASS" signature="tearDown()[pri:0, instance:TestVloopGamePage@610694f1]" name="tearDown" is-config="true" duration-ms="211" started-at="2017-10-03T20:33:22Z" finished-at="2017-10-03T20:33:23Z">
          <reporter-output>
          </reporter-output>
        </test-method> <!-- tearDown -->
      </class> <!-- TestVloopGamePage -->
    </test> <!-- Vloop-login -->
  </suite> <!-- Suite1 -->
</testng-results>
