<?xml version="1.0" encoding="UTF-8"?>
<testsuite xmlns:xsi="http://www.w3.org/2001/XMLSchema-instance" xsi:noNamespaceSchemaLocation="https://maven.apache.org/surefire/maven-surefire-plugin/xsd/surefire-test-report.xsd" name="TestSuite" time="129.88" tests="8" errors="0" skipped="0" failures="0">
  <properties>
[...]
</properties>
  <testcase name="checkEditingFolder" classname="TestsVloopHomePage" time="5.536"/>
  <testcase name="checkFileEditing" classname="TestsVloopHomePage" time="18.13"/>
  <testcase name="checkFileUploading" classname="TestsVloopHomePage" time="14.677"/>
  <testcase name="checkNewFolderIsAdded" classname="TestsVloopHomePage" time="2.526"/>
  <testcase name="checkVdEditing" classname="TestsVloopHomePage" time="9.276"/>
  <testcase name="checkVdUploadingFromDrBox" classname="TestsVloopHomePage" time="11.267"/>
  <testcase name="checkVdUploadingPC" classname="TestsVloopHomePage" time="12.215"/>
  <testcase name="checkVdUploadingYouTube" classname="TestsVloopHomePage" time="4.12"/>
</testsuite>