<?xml version="1.0" encoding="UTF-8"?>
<testsuite name="Vloop-package"
           tests="8"
           failures="0"
           errors="0"
           skipped="0"
           time="77,744">
  <properties />
  
  
            <testcase name="checkFileEditing" time="18,129" classname="TestsVloopHomePage" />
                <testcase name="checkFileUploading" time="14,676" classname="TestsVloopHomePage" />
                <testcase name="checkNewFolderIsAdded" time="2,527" classname="TestsVloopHomePage" />
                <testcase name="checkEditingFolder" time="5,537" classname="TestsVloopHomePage" />
                <testcase name="checkVdUploadingYouTube" time="4,120" classname="TestsVloopHomePage" />
                <testcase name="checkVdUploadingFromDrBox" time="11,266" classname="TestsVloopHomePage" />
                <testcase name="checkVdEditing" time="9,274" classname="TestsVloopHomePage" />
                <testcase name="checkVdUploadingPC" time="12,215" classname="TestsVloopHomePage" />
      
</testsuite>
