<?xml version="1.0" encoding="UTF-8"?>
<testsuite name="Vloop-login"
           tests="4"
           failures="0"
           errors="0"
           skipped="0"
           time="6,192">
  <properties />
  
  
            <testcase name="checkWrongEmail" time="2,318" classname="TestsVloop" />
                <testcase name="checkLogIn" time="2,645" classname="TestsVloop" />
                <testcase name="checkContactUsLinkIsClickable" time="0,812" classname="TestsVloop" />
                <testcase name="checkLogInBtnEnabled" time="0,417" classname="TestsVloop" />
      
</testsuite>
