<?xml version="1.0" encoding="UTF-8"?>
<testsuite name="Vloop-login"
           tests="9"
           failures="0"
           errors="0"
           skipped="0"
           time="211,527">
  <properties />
  
  
            <testcase name="checkCommentEditing" time="7,977" classname="TestVloopGamePage" />
                <testcase name="checkSkipBack" time="0,393" classname="TestVloopGamePage" />
                <testcase name="checkScreenShot" time="144,245" classname="TestVloopGamePage" />
                <testcase name="checkSkipForward" time="0,468" classname="TestVloopGamePage" />
                <testcase name="checkAddingCommentByTag" time="16,255" classname="TestVloopGamePage" />
                <testcase name="checkTagAdding" time="13,487" classname="TestVloopGamePage" />
                <testcase name="checkThatVideoIsPlayed" time="2,628" classname="TestVloopGamePage" />
                <testcase name="checkLoadImageCanvas" time="20,937" classname="TestVloopGamePage" />
                <testcase name="checkCommentAdding" time="5,137" classname="TestVloopGamePage" />
      
</testsuite>
