<?xml version="1.0" encoding="UTF-8"?>
<testsuite name="Vloop-package"
           tests="5"
           failures="0"
           errors="0"
           skipped="0"
           time="4,416">
  <properties />
  
  
            <testcase name="checkSignUpLinkIsClickable" time="0,321" classname="TestsVloop" />
                <testcase name="checkWrongEmail" time="1,272" classname="TestsVloop" />
                <testcase name="checkContactUsLinkIsClickable" time="0,370" classname="TestsVloop" />
                <testcase name="checkLogInBtnEnabled" time="0,320" classname="TestsVloop" />
                <testcase name="checkLogInVloop" time="2,133" classname="TestsVloop" />
      
</testsuite>
